ERROR - 2024-03-17 02:57:16 --> mysqli_sql_exception: Can't create table `ppid_pswrn`.`tb_pemohon` (errno: 150 "Foreign key constraint is incorrectly formed") in C:\xampp\htdocs\ppid_pswrn\system\Database\MySQLi\Connection.php:306
Stack trace:
#0 C:\xampp\htdocs\ppid_pswrn\system\Database\MySQLi\Connection.php(306): mysqli->query('CREATE TABLE `t...', 0)
#1 C:\xampp\htdocs\ppid_pswrn\system\Database\BaseConnection.php(693): CodeIgniter\Database\MySQLi\Connection->execute('CREATE TABLE `t...')
#2 C:\xampp\htdocs\ppid_pswrn\system\Database\BaseConnection.php(607): CodeIgniter\Database\BaseConnection->simpleQuery('CREATE TABLE `t...')
#3 C:\xampp\htdocs\ppid_pswrn\system\Database\Forge.php(546): CodeIgniter\Database\BaseConnection->query('CREATE TABLE `t...')
#4 C:\xampp\htdocs\ppid_pswrn\app\Database\Migrations\2024-03-15-065013_TbPemohon.php(94): CodeIgniter\Database\Forge->createTable('tb_pemohon')
#5 C:\xampp\htdocs\ppid_pswrn\system\Database\MigrationRunner.php(873): App\Database\Migrations\TbPemohon->up()
#6 C:\xampp\htdocs\ppid_pswrn\system\Database\MigrationRunner.php(188): CodeIgniter\Database\MigrationRunner->migrate('up', Object(stdClass))
#7 C:\xampp\htdocs\ppid_pswrn\system\Commands\Database\Migrate.php(84): CodeIgniter\Database\MigrationRunner->latest(NULL)
#8 C:\xampp\htdocs\ppid_pswrn\system\CLI\Commands.php(65): CodeIgniter\Commands\Database\Migrate->run(Array)
#9 C:\xampp\htdocs\ppid_pswrn\system\CLI\Console.php(46): CodeIgniter\CLI\Commands->run('migrate', Array)
#10 C:\xampp\htdocs\ppid_pswrn\spark(102): CodeIgniter\CLI\Console->run()
#11 {main}
ERROR - 2024-03-17 03:00:41 --> mysqli_sql_exception: Can't create table `ppid_pswrn`.`tb_pemohon` (errno: 150 "Foreign key constraint is incorrectly formed") in C:\xampp\htdocs\ppid_pswrn\system\Database\MySQLi\Connection.php:306
Stack trace:
#0 C:\xampp\htdocs\ppid_pswrn\system\Database\MySQLi\Connection.php(306): mysqli->query('CREATE TABLE `t...', 0)
#1 C:\xampp\htdocs\ppid_pswrn\system\Database\BaseConnection.php(693): CodeIgniter\Database\MySQLi\Connection->execute('CREATE TABLE `t...')
#2 C:\xampp\htdocs\ppid_pswrn\system\Database\BaseConnection.php(607): CodeIgniter\Database\BaseConnection->simpleQuery('CREATE TABLE `t...')
#3 C:\xampp\htdocs\ppid_pswrn\system\Database\Forge.php(546): CodeIgniter\Database\BaseConnection->query('CREATE TABLE `t...')
#4 C:\xampp\htdocs\ppid_pswrn\app\Database\Migrations\2024-03-15-065013_TbPemohon.php(90): CodeIgniter\Database\Forge->createTable('tb_pemohon')
#5 C:\xampp\htdocs\ppid_pswrn\system\Database\MigrationRunner.php(873): App\Database\Migrations\TbPemohon->up()
#6 C:\xampp\htdocs\ppid_pswrn\system\Database\MigrationRunner.php(188): CodeIgniter\Database\MigrationRunner->migrate('up', Object(stdClass))
#7 C:\xampp\htdocs\ppid_pswrn\system\Commands\Database\Migrate.php(84): CodeIgniter\Database\MigrationRunner->latest(NULL)
#8 C:\xampp\htdocs\ppid_pswrn\system\CLI\Commands.php(65): CodeIgniter\Commands\Database\Migrate->run(Array)
#9 C:\xampp\htdocs\ppid_pswrn\system\CLI\Console.php(46): CodeIgniter\CLI\Commands->run('migrate', Array)
#10 C:\xampp\htdocs\ppid_pswrn\spark(102): CodeIgniter\CLI\Console->run()
#11 {main}
ERROR - 2024-03-17 03:22:32 --> mysqli_sql_exception: Can't create table `ppid_pswrn`.`tb_pemohon` (errno: 150 "Foreign key constraint is incorrectly formed") in C:\xampp\htdocs\ppid_pswrn\system\Database\MySQLi\Connection.php:306
Stack trace:
#0 C:\xampp\htdocs\ppid_pswrn\system\Database\MySQLi\Connection.php(306): mysqli->query('CREATE TABLE `t...', 0)
#1 C:\xampp\htdocs\ppid_pswrn\system\Database\BaseConnection.php(693): CodeIgniter\Database\MySQLi\Connection->execute('CREATE TABLE `t...')
#2 C:\xampp\htdocs\ppid_pswrn\system\Database\BaseConnection.php(607): CodeIgniter\Database\BaseConnection->simpleQuery('CREATE TABLE `t...')
#3 C:\xampp\htdocs\ppid_pswrn\system\Database\Forge.php(546): CodeIgniter\Database\BaseConnection->query('CREATE TABLE `t...')
#4 C:\xampp\htdocs\ppid_pswrn\app\Database\Migrations\2024-03-15-065013_TbPemohon.php(90): CodeIgniter\Database\Forge->createTable('tb_pemohon')
#5 C:\xampp\htdocs\ppid_pswrn\system\Database\MigrationRunner.php(873): App\Database\Migrations\TbPemohon->up()
#6 C:\xampp\htdocs\ppid_pswrn\system\Database\MigrationRunner.php(188): CodeIgniter\Database\MigrationRunner->migrate('up', Object(stdClass))
#7 C:\xampp\htdocs\ppid_pswrn\system\Commands\Database\Migrate.php(84): CodeIgniter\Database\MigrationRunner->latest(NULL)
#8 C:\xampp\htdocs\ppid_pswrn\system\CLI\Commands.php(65): CodeIgniter\Commands\Database\Migrate->run(Array)
#9 C:\xampp\htdocs\ppid_pswrn\system\CLI\Console.php(46): CodeIgniter\CLI\Commands->run('migrate', Array)
#10 C:\xampp\htdocs\ppid_pswrn\spark(102): CodeIgniter\CLI\Console->run()
#11 {main}
ERROR - 2024-03-17 03:24:18 --> mysqli_sql_exception: Can't create table `ppid_pswrn`.`tb_informasi_publik` (errno: 150 "Foreign key constraint is incorrectly formed") in C:\xampp\htdocs\ppid_pswrn\system\Database\MySQLi\Connection.php:306
Stack trace:
#0 C:\xampp\htdocs\ppid_pswrn\system\Database\MySQLi\Connection.php(306): mysqli->query('CREATE TABLE `t...', 0)
#1 C:\xampp\htdocs\ppid_pswrn\system\Database\BaseConnection.php(693): CodeIgniter\Database\MySQLi\Connection->execute('CREATE TABLE `t...')
#2 C:\xampp\htdocs\ppid_pswrn\system\Database\BaseConnection.php(607): CodeIgniter\Database\BaseConnection->simpleQuery('CREATE TABLE `t...')
#3 C:\xampp\htdocs\ppid_pswrn\system\Database\Forge.php(546): CodeIgniter\Database\BaseConnection->query('CREATE TABLE `t...')
#4 C:\xampp\htdocs\ppid_pswrn\app\Database\Migrations\2024-03-15-065418_TbInformasiPublik.php(49): CodeIgniter\Database\Forge->createTable('tb_informasi_pu...')
#5 C:\xampp\htdocs\ppid_pswrn\system\Database\MigrationRunner.php(873): App\Database\Migrations\TbInformasiPublik->up()
#6 C:\xampp\htdocs\ppid_pswrn\system\Database\MigrationRunner.php(188): CodeIgniter\Database\MigrationRunner->migrate('up', Object(stdClass))
#7 C:\xampp\htdocs\ppid_pswrn\system\Commands\Database\Migrate.php(84): CodeIgniter\Database\MigrationRunner->latest(NULL)
#8 C:\xampp\htdocs\ppid_pswrn\system\CLI\Commands.php(65): CodeIgniter\Commands\Database\Migrate->run(Array)
#9 C:\xampp\htdocs\ppid_pswrn\system\CLI\Console.php(46): CodeIgniter\CLI\Commands->run('migrate', Array)
#10 C:\xampp\htdocs\ppid_pswrn\spark(102): CodeIgniter\CLI\Console->run()
#11 {main}
ERROR - 2024-03-17 03:26:41 --> mysqli_sql_exception: Can't create table `ppid_pswrn`.`tb_pemohon` (errno: 150 "Foreign key constraint is incorrectly formed") in C:\xampp\htdocs\ppid_pswrn\system\Database\MySQLi\Connection.php:306
Stack trace:
#0 C:\xampp\htdocs\ppid_pswrn\system\Database\MySQLi\Connection.php(306): mysqli->query('CREATE TABLE `t...', 0)
#1 C:\xampp\htdocs\ppid_pswrn\system\Database\BaseConnection.php(693): CodeIgniter\Database\MySQLi\Connection->execute('CREATE TABLE `t...')
#2 C:\xampp\htdocs\ppid_pswrn\system\Database\BaseConnection.php(607): CodeIgniter\Database\BaseConnection->simpleQuery('CREATE TABLE `t...')
#3 C:\xampp\htdocs\ppid_pswrn\system\Database\Forge.php(546): CodeIgniter\Database\BaseConnection->query('CREATE TABLE `t...')
#4 C:\xampp\htdocs\ppid_pswrn\app\Database\Migrations\2024-03-17-065013_TbPemohon.php(90): CodeIgniter\Database\Forge->createTable('tb_pemohon')
#5 C:\xampp\htdocs\ppid_pswrn\system\Database\MigrationRunner.php(873): App\Database\Migrations\TbPemohon->up()
#6 C:\xampp\htdocs\ppid_pswrn\system\Database\MigrationRunner.php(188): CodeIgniter\Database\MigrationRunner->migrate('up', Object(stdClass))
#7 C:\xampp\htdocs\ppid_pswrn\system\Commands\Database\Migrate.php(84): CodeIgniter\Database\MigrationRunner->latest(NULL)
#8 C:\xampp\htdocs\ppid_pswrn\system\CLI\Commands.php(65): CodeIgniter\Commands\Database\Migrate->run(Array)
#9 C:\xampp\htdocs\ppid_pswrn\system\CLI\Console.php(46): CodeIgniter\CLI\Commands->run('migrate', Array)
#10 C:\xampp\htdocs\ppid_pswrn\spark(102): CodeIgniter\CLI\Console->run()
#11 {main}
ERROR - 2024-03-17 03:37:11 --> mysqli_sql_exception: Can't create table `ppid_pswrn`.`tb_log_aktivitas` (errno: 150 "Foreign key constraint is incorrectly formed") in C:\xampp\htdocs\ppid_pswrn\system\Database\MySQLi\Connection.php:306
Stack trace:
#0 C:\xampp\htdocs\ppid_pswrn\system\Database\MySQLi\Connection.php(306): mysqli->query('CREATE TABLE `t...', 0)
#1 C:\xampp\htdocs\ppid_pswrn\system\Database\BaseConnection.php(693): CodeIgniter\Database\MySQLi\Connection->execute('CREATE TABLE `t...')
#2 C:\xampp\htdocs\ppid_pswrn\system\Database\BaseConnection.php(607): CodeIgniter\Database\BaseConnection->simpleQuery('CREATE TABLE `t...')
#3 C:\xampp\htdocs\ppid_pswrn\system\Database\Forge.php(546): CodeIgniter\Database\BaseConnection->query('CREATE TABLE `t...')
#4 C:\xampp\htdocs\ppid_pswrn\app\Database\Migrations\2024-03-17-065913_TbLogAktivitas.php(37): CodeIgniter\Database\Forge->createTable('tb_log_aktivita...')
#5 C:\xampp\htdocs\ppid_pswrn\system\Database\MigrationRunner.php(873): App\Database\Migrations\TbLogAktivitas->up()
#6 C:\xampp\htdocs\ppid_pswrn\system\Database\MigrationRunner.php(188): CodeIgniter\Database\MigrationRunner->migrate('up', Object(stdClass))
#7 C:\xampp\htdocs\ppid_pswrn\system\Commands\Database\Migrate.php(84): CodeIgniter\Database\MigrationRunner->latest(NULL)
#8 C:\xampp\htdocs\ppid_pswrn\system\CLI\Commands.php(65): CodeIgniter\Commands\Database\Migrate->run(Array)
#9 C:\xampp\htdocs\ppid_pswrn\system\CLI\Console.php(46): CodeIgniter\CLI\Commands->run('migrate', Array)
#10 C:\xampp\htdocs\ppid_pswrn\spark(102): CodeIgniter\CLI\Console->run()
#11 {main}
ERROR - 2024-03-17 04:00:00 --> mysqli_sql_exception: Can't create table `ppid_pswrn`.`tb_keberatan` (errno: 150 "Foreign key constraint is incorrectly formed") in C:\xampp\htdocs\ppid_pswrn\system\Database\MySQLi\Connection.php:306
Stack trace:
#0 C:\xampp\htdocs\ppid_pswrn\system\Database\MySQLi\Connection.php(306): mysqli->query('CREATE TABLE `t...', 0)
#1 C:\xampp\htdocs\ppid_pswrn\system\Database\BaseConnection.php(693): CodeIgniter\Database\MySQLi\Connection->execute('CREATE TABLE `t...')
#2 C:\xampp\htdocs\ppid_pswrn\system\Database\BaseConnection.php(607): CodeIgniter\Database\BaseConnection->simpleQuery('CREATE TABLE `t...')
#3 C:\xampp\htdocs\ppid_pswrn\system\Database\Forge.php(546): CodeIgniter\Database\BaseConnection->query('CREATE TABLE `t...')
#4 C:\xampp\htdocs\ppid_pswrn\app\Database\Migrations\2024-03-17-065157_TbKeberatan.php(58): CodeIgniter\Database\Forge->createTable('tb_keberatan')
#5 C:\xampp\htdocs\ppid_pswrn\system\Database\MigrationRunner.php(873): App\Database\Migrations\TbKeberatan->up()
#6 C:\xampp\htdocs\ppid_pswrn\system\Database\MigrationRunner.php(188): CodeIgniter\Database\MigrationRunner->migrate('up', Object(stdClass))
#7 C:\xampp\htdocs\ppid_pswrn\system\Commands\Database\Migrate.php(84): CodeIgniter\Database\MigrationRunner->latest(NULL)
#8 C:\xampp\htdocs\ppid_pswrn\system\CLI\Commands.php(65): CodeIgniter\Commands\Database\Migrate->run(Array)
#9 C:\xampp\htdocs\ppid_pswrn\system\CLI\Console.php(46): CodeIgniter\CLI\Commands->run('migrate', Array)
#10 C:\xampp\htdocs\ppid_pswrn\spark(102): CodeIgniter\CLI\Console->run()
#11 {main}
ERROR - 2024-03-17 04:32:33 --> mysqli_sql_exception: Can't create table `ppid_pswrn`.`tb_pemohon` (errno: 150 "Foreign key constraint is incorrectly formed") in C:\xampp\htdocs\ppid_pswrn\system\Database\MySQLi\Connection.php:306
Stack trace:
#0 C:\xampp\htdocs\ppid_pswrn\system\Database\MySQLi\Connection.php(306): mysqli->query('CREATE TABLE `t...', 0)
#1 C:\xampp\htdocs\ppid_pswrn\system\Database\BaseConnection.php(693): CodeIgniter\Database\MySQLi\Connection->execute('CREATE TABLE `t...')
#2 C:\xampp\htdocs\ppid_pswrn\system\Database\BaseConnection.php(607): CodeIgniter\Database\BaseConnection->simpleQuery('CREATE TABLE `t...')
#3 C:\xampp\htdocs\ppid_pswrn\system\Database\Forge.php(546): CodeIgniter\Database\BaseConnection->query('CREATE TABLE `t...')
#4 C:\xampp\htdocs\ppid_pswrn\app\Database\Migrations\2024-03-15-065013_TbPemohon.php(94): CodeIgniter\Database\Forge->createTable('tb_pemohon')
#5 C:\xampp\htdocs\ppid_pswrn\system\Database\MigrationRunner.php(873): App\Database\Migrations\TbPemohon->up()
#6 C:\xampp\htdocs\ppid_pswrn\system\Database\MigrationRunner.php(188): CodeIgniter\Database\MigrationRunner->migrate('up', Object(stdClass))
#7 C:\xampp\htdocs\ppid_pswrn\system\Commands\Database\Migrate.php(84): CodeIgniter\Database\MigrationRunner->latest(NULL)
#8 C:\xampp\htdocs\ppid_pswrn\system\CLI\Commands.php(65): CodeIgniter\Commands\Database\Migrate->run(Array)
#9 C:\xampp\htdocs\ppid_pswrn\system\CLI\Console.php(46): CodeIgniter\CLI\Commands->run('migrate', Array)
#10 C:\xampp\htdocs\ppid_pswrn\spark(102): CodeIgniter\CLI\Console->run()
#11 {main}
