INFO - 2024-07-20 17:44:38 --> Session: Class initialized using 'CodeIgniter\Session\Handlers\FileHandler' driver.
INFO - 2024-07-20 17:44:45 --> Session: Class initialized using 'CodeIgniter\Session\Handlers\FileHandler' driver.
DEBUG - 2024-07-20 17:44:45 --> User logged in: {"__ci_last_regenerate":1721472278,"_ci_previous_url":"http:\/\/localhost:8080\/authentication\/login","id_user":"1","username":"reissa","email":"reissa@gmail.com","id_jabatan":"1","nama_lengkap":"Reissa Giana Azaria","no_telepon":"088215212122","password_last_reset":null,"terakhir_login":"2024-07-19 20:31:09","file_profil":"gambar.jpg","islogin":true}
INFO - 2024-07-20 17:44:45 --> Session: Class initialized using 'CodeIgniter\Session\Handlers\FileHandler' driver.
INFO - 2024-07-20 17:44:48 --> Session: Class initialized using 'CodeIgniter\Session\Handlers\FileHandler' driver.
INFO - 2024-07-20 17:44:49 --> Session: Class initialized using 'CodeIgniter\Session\Handlers\FileHandler' driver.
INFO - 2024-07-20 17:44:50 --> Session: Class initialized using 'CodeIgniter\Session\Handlers\FileHandler' driver.
INFO - 2024-07-20 17:44:53 --> Session: Class initialized using 'CodeIgniter\Session\Handlers\FileHandler' driver.
INFO - 2024-07-20 17:44:55 --> Session: Class initialized using 'CodeIgniter\Session\Handlers\FileHandler' driver.
INFO - 2024-07-20 17:45:16 --> Session: Class initialized using 'CodeIgniter\Session\Handlers\FileHandler' driver.
INFO - 2024-07-20 17:45:19 --> Session: Class initialized using 'CodeIgniter\Session\Handlers\FileHandler' driver.
ERROR - 2024-07-20 17:59:47 --> mysqli_sql_exception: Incorrect table definition; there can be only one auto column and it must be defined as a key in C:\xampp\htdocs\polsek_kayu_aro\system\Database\MySQLi\Connection.php:306
Stack trace:
#0 C:\xampp\htdocs\polsek_kayu_aro\system\Database\MySQLi\Connection.php(306): mysqli->query('CREATE TABLE `t...', 0)
#1 C:\xampp\htdocs\polsek_kayu_aro\system\Database\BaseConnection.php(693): CodeIgniter\Database\MySQLi\Connection->execute('CREATE TABLE `t...')
#2 C:\xampp\htdocs\polsek_kayu_aro\system\Database\BaseConnection.php(607): CodeIgniter\Database\BaseConnection->simpleQuery('CREATE TABLE `t...')
#3 C:\xampp\htdocs\polsek_kayu_aro\system\Database\Forge.php(546): CodeIgniter\Database\BaseConnection->query('CREATE TABLE `t...')
#4 C:\xampp\htdocs\polsek_kayu_aro\app\Database\Migrations\2024-06-12-104431_TbFileFoto.php(28): CodeIgniter\Database\Forge->createTable('tb_file_foto')
#5 C:\xampp\htdocs\polsek_kayu_aro\system\Database\MigrationRunner.php(873): App\Database\Migrations\TbFileFoto->up()
#6 C:\xampp\htdocs\polsek_kayu_aro\system\Database\MigrationRunner.php(188): CodeIgniter\Database\MigrationRunner->migrate('up', Object(stdClass))
#7 C:\xampp\htdocs\polsek_kayu_aro\system\Commands\Database\Migrate.php(84): CodeIgniter\Database\MigrationRunner->latest(NULL)
#8 C:\xampp\htdocs\polsek_kayu_aro\system\CLI\Commands.php(65): CodeIgniter\Commands\Database\Migrate->run(Array)
#9 C:\xampp\htdocs\polsek_kayu_aro\system\CLI\Console.php(46): CodeIgniter\CLI\Commands->run('migrate', Array)
#10 C:\xampp\htdocs\polsek_kayu_aro\spark(102): CodeIgniter\CLI\Console->run()
#11 {main}
CRITICAL - 2024-07-20 18:00:38 --> Cannot declare class App\Database\Migrations\TbFileFoto, because the name is already in use
in APPPATH\Database\Migrations\2024-06-12-104432_TbGaleriFoto.php on line 7.
 1 [internal function]: CodeIgniter\Debug\Exceptions->shutdownHandler()
CRITICAL - 2024-07-20 18:01:19 --> Cannot declare class App\Database\Migrations\TbFileFoto, because the name is already in use
in APPPATH\Database\Migrations\2024-06-12-104432_TbGaleriFoto.php on line 7.
 1 [internal function]: CodeIgniter\Debug\Exceptions->shutdownHandler()
CRITICAL - 2024-07-20 18:02:12 --> Cannot declare class App\Database\Migrations\TbFileFoto, because the name is already in use
in APPPATH\Database\Migrations\2024-06-12-104432_TbGaleriFoto.php on line 7.
 1 [internal function]: CodeIgniter\Debug\Exceptions->shutdownHandler()
INFO - 2024-07-20 18:07:40 --> Session: Class initialized using 'CodeIgniter\Session\Handlers\FileHandler' driver.
INFO - 2024-07-20 18:07:43 --> Session: Class initialized using 'CodeIgniter\Session\Handlers\FileHandler' driver.
INFO - 2024-07-20 20:24:08 --> Session: Class initialized using 'CodeIgniter\Session\Handlers\FileHandler' driver.
INFO - 2024-07-20 20:24:09 --> Session: Class initialized using 'CodeIgniter\Session\Handlers\FileHandler' driver.
INFO - 2024-07-20 20:24:16 --> Session: Class initialized using 'CodeIgniter\Session\Handlers\FileHandler' driver.
DEBUG - 2024-07-20 20:24:16 --> User logged in: {"__ci_last_regenerate":1721481848,"_ci_previous_url":"http:\/\/localhost:8080\/authentication\/login","id_user":"1","username":"reissa","email":"reissa@gmail.com","id_jabatan":"1","nama_lengkap":"Reissa Giana Azaria","no_telepon":"088215212122","password_last_reset":null,"terakhir_login":"2024-07-20 18:09:51","file_profil":"gambar.jpg","islogin":true}
INFO - 2024-07-20 20:24:16 --> Session: Class initialized using 'CodeIgniter\Session\Handlers\FileHandler' driver.
INFO - 2024-07-20 20:24:21 --> Session: Class initialized using 'CodeIgniter\Session\Handlers\FileHandler' driver.
INFO - 2024-07-20 20:24:23 --> Session: Class initialized using 'CodeIgniter\Session\Handlers\FileHandler' driver.
CRITICAL - 2024-07-20 20:24:23 --> Undefined variable $id_user
in APPPATH\Controllers\Admin\GaleriController.php on line 41.
 1 APPPATH\Controllers\Admin\GaleriController.php(41): CodeIgniter\Debug\Exceptions->errorHandler(2, 'Undefined variable $id_user', 'C:\\xampp\\htdocs\\polsek_kayu_aro\\app\\Controllers\\Admin\\GaleriController.php', 41)
 2 SYSTEMPATH\CodeIgniter.php(942): App\Controllers\Admin\GaleriController->index()
 3 SYSTEMPATH\CodeIgniter.php(502): CodeIgniter\CodeIgniter->runController(Object(App\Controllers\Admin\GaleriController))
 4 SYSTEMPATH\CodeIgniter.php(361): CodeIgniter\CodeIgniter->handleRequest(null, Object(Config\Cache), false)
 5 FCPATH\index.php(79): CodeIgniter\CodeIgniter->run()
 6 SYSTEMPATH\Commands\Server\rewrite.php(47): require_once('C:\\xampp\\htdocs\\polsek_kayu_aro\\public\\index.php')
INFO - 2024-07-20 20:27:21 --> Session: Class initialized using 'CodeIgniter\Session\Handlers\FileHandler' driver.
CRITICAL - 2024-07-20 20:27:21 --> Invalid file: "admin/foto/index.php"
in SYSTEMPATH\Exceptions\FrameworkException.php on line 39.
 1 SYSTEMPATH\View\View.php(216): CodeIgniter\Exceptions\FrameworkException::forInvalidFile('admin/foto/index.php')
 2 SYSTEMPATH\Common.php(1190): CodeIgniter\View\View->render('admin/foto/index', [], true)
 3 APPPATH\Controllers\Admin\GaleriController.php(52): view('admin/foto/index', [...])
 4 SYSTEMPATH\CodeIgniter.php(942): App\Controllers\Admin\GaleriController->index()
 5 SYSTEMPATH\CodeIgniter.php(502): CodeIgniter\CodeIgniter->runController(Object(App\Controllers\Admin\GaleriController))
 6 SYSTEMPATH\CodeIgniter.php(361): CodeIgniter\CodeIgniter->handleRequest(null, Object(Config\Cache), false)
 7 FCPATH\index.php(79): CodeIgniter\CodeIgniter->run()
 8 SYSTEMPATH\Commands\Server\rewrite.php(47): require_once('C:\\xampp\\htdocs\\polsek_kayu_aro\\public\\index.php')
INFO - 2024-07-20 20:27:38 --> Session: Class initialized using 'CodeIgniter\Session\Handlers\FileHandler' driver.
INFO - 2024-07-20 20:47:45 --> Session: Class initialized using 'CodeIgniter\Session\Handlers\FileHandler' driver.
INFO - 2024-07-20 20:47:47 --> Session: Class initialized using 'CodeIgniter\Session\Handlers\FileHandler' driver.
INFO - 2024-07-20 20:51:16 --> Session: Class initialized using 'CodeIgniter\Session\Handlers\FileHandler' driver.
INFO - 2024-07-20 20:51:18 --> Session: Class initialized using 'CodeIgniter\Session\Handlers\FileHandler' driver.
INFO - 2024-07-20 20:51:20 --> Session: Class initialized using 'CodeIgniter\Session\Handlers\FileHandler' driver.
INFO - 2024-07-20 20:51:36 --> Session: Class initialized using 'CodeIgniter\Session\Handlers\FileHandler' driver.
INFO - 2024-07-20 20:51:37 --> Session: Class initialized using 'CodeIgniter\Session\Handlers\FileHandler' driver.
INFO - 2024-07-20 20:51:39 --> Session: Class initialized using 'CodeIgniter\Session\Handlers\FileHandler' driver.
INFO - 2024-07-20 20:51:59 --> Session: Class initialized using 'CodeIgniter\Session\Handlers\FileHandler' driver.
INFO - 2024-07-20 20:52:01 --> Session: Class initialized using 'CodeIgniter\Session\Handlers\FileHandler' driver.
INFO - 2024-07-20 20:52:03 --> Session: Class initialized using 'CodeIgniter\Session\Handlers\FileHandler' driver.
INFO - 2024-07-20 20:52:42 --> Session: Class initialized using 'CodeIgniter\Session\Handlers\FileHandler' driver.
INFO - 2024-07-20 20:52:43 --> Session: Class initialized using 'CodeIgniter\Session\Handlers\FileHandler' driver.
INFO - 2024-07-20 20:52:43 --> Session: Class initialized using 'CodeIgniter\Session\Handlers\FileHandler' driver.
INFO - 2024-07-20 20:53:58 --> Session: Class initialized using 'CodeIgniter\Session\Handlers\FileHandler' driver.
INFO - 2024-07-20 20:54:04 --> Session: Class initialized using 'CodeIgniter\Session\Handlers\FileHandler' driver.
INFO - 2024-07-20 20:54:05 --> Session: Class initialized using 'CodeIgniter\Session\Handlers\FileHandler' driver.
INFO - 2024-07-20 20:54:35 --> Session: Class initialized using 'CodeIgniter\Session\Handlers\FileHandler' driver.
INFO - 2024-07-20 20:56:28 --> Session: Class initialized using 'CodeIgniter\Session\Handlers\FileHandler' driver.
INFO - 2024-07-20 20:56:30 --> Session: Class initialized using 'CodeIgniter\Session\Handlers\FileHandler' driver.
INFO - 2024-07-20 20:56:30 --> Session: Class initialized using 'CodeIgniter\Session\Handlers\FileHandler' driver.
INFO - 2024-07-20 20:56:39 --> Session: Class initialized using 'CodeIgniter\Session\Handlers\FileHandler' driver.
INFO - 2024-07-20 20:56:40 --> Session: Class initialized using 'CodeIgniter\Session\Handlers\FileHandler' driver.
INFO - 2024-07-20 20:56:40 --> Session: Class initialized using 'CodeIgniter\Session\Handlers\FileHandler' driver.
INFO - 2024-07-20 20:56:55 --> Session: Class initialized using 'CodeIgniter\Session\Handlers\FileHandler' driver.
INFO - 2024-07-20 20:56:56 --> Session: Class initialized using 'CodeIgniter\Session\Handlers\FileHandler' driver.
INFO - 2024-07-20 20:56:56 --> Session: Class initialized using 'CodeIgniter\Session\Handlers\FileHandler' driver.
INFO - 2024-07-20 20:57:32 --> Session: Class initialized using 'CodeIgniter\Session\Handlers\FileHandler' driver.
INFO - 2024-07-20 20:57:33 --> Session: Class initialized using 'CodeIgniter\Session\Handlers\FileHandler' driver.
INFO - 2024-07-20 20:57:34 --> Session: Class initialized using 'CodeIgniter\Session\Handlers\FileHandler' driver.
INFO - 2024-07-20 20:57:37 --> Session: Class initialized using 'CodeIgniter\Session\Handlers\FileHandler' driver.
INFO - 2024-07-20 20:57:53 --> Session: Class initialized using 'CodeIgniter\Session\Handlers\FileHandler' driver.
INFO - 2024-07-20 20:58:12 --> Session: Class initialized using 'CodeIgniter\Session\Handlers\FileHandler' driver.
INFO - 2024-07-20 20:58:21 --> Session: Class initialized using 'CodeIgniter\Session\Handlers\FileHandler' driver.
INFO - 2024-07-20 21:00:39 --> Session: Class initialized using 'CodeIgniter\Session\Handlers\FileHandler' driver.
INFO - 2024-07-20 21:00:41 --> Session: Class initialized using 'CodeIgniter\Session\Handlers\FileHandler' driver.
INFO - 2024-07-20 21:00:41 --> Session: Class initialized using 'CodeIgniter\Session\Handlers\FileHandler' driver.
INFO - 2024-07-20 22:00:59 --> Session: Class initialized using 'CodeIgniter\Session\Handlers\FileHandler' driver.
INFO - 2024-07-20 22:03:27 --> Session: Class initialized using 'CodeIgniter\Session\Handlers\FileHandler' driver.
DEBUG - 2024-07-20 22:03:27 --> User logged in: {"__ci_last_regenerate":1721487659,"_ci_previous_url":"http:\/\/localhost:8080\/authentication\/login","id_user":"1","username":"reissa","email":"reissa@gmail.com","id_jabatan":"1","nama_lengkap":"Reissa Giana Azaria","no_telepon":"088215212122","password_last_reset":null,"terakhir_login":"2024-07-20 20:24:16","file_profil":"gambar.jpg","islogin":true}
INFO - 2024-07-20 22:03:27 --> Session: Class initialized using 'CodeIgniter\Session\Handlers\FileHandler' driver.
INFO - 2024-07-20 22:03:30 --> Session: Class initialized using 'CodeIgniter\Session\Handlers\FileHandler' driver.
INFO - 2024-07-20 22:03:31 --> Session: Class initialized using 'CodeIgniter\Session\Handlers\FileHandler' driver.
INFO - 2024-07-20 22:03:46 --> Session: Class initialized using 'CodeIgniter\Session\Handlers\FileHandler' driver.
INFO - 2024-07-20 22:03:47 --> Session: Class initialized using 'CodeIgniter\Session\Handlers\FileHandler' driver.
INFO - 2024-07-20 22:03:47 --> Session: Class initialized using 'CodeIgniter\Session\Handlers\FileHandler' driver.
INFO - 2024-07-20 22:06:12 --> Session: Class initialized using 'CodeIgniter\Session\Handlers\FileHandler' driver.
ERROR - 2024-07-20 22:06:13 --> mysqli_sql_exception: Cannot add or update a child row: a foreign key constraint fails (`polsek_kayu_aro`.`tb_foto`, CONSTRAINT `tb_foto_id_user_foreign` FOREIGN KEY (`id_user`) REFERENCES `tb_user` (`id_user`) ON DELETE CASCADE ON UPDATE CASCADE) in C:\xampp\htdocs\polsek_kayu_aro\system\Database\MySQLi\Connection.php:306
Stack trace:
#0 C:\xampp\htdocs\polsek_kayu_aro\system\Database\MySQLi\Connection.php(306): mysqli->query('INSERT INTO `tb...', 0)
#1 C:\xampp\htdocs\polsek_kayu_aro\system\Database\BaseConnection.php(693): CodeIgniter\Database\MySQLi\Connection->execute('INSERT INTO `tb...')
#2 C:\xampp\htdocs\polsek_kayu_aro\system\Database\BaseConnection.php(607): CodeIgniter\Database\BaseConnection->simpleQuery('INSERT INTO `tb...')
#3 C:\xampp\htdocs\polsek_kayu_aro\system\Database\BaseBuilder.php(2308): CodeIgniter\Database\BaseConnection->query('INSERT INTO `tb...', Array, false)
#4 C:\xampp\htdocs\polsek_kayu_aro\system\Model.php(319): CodeIgniter\Database\BaseBuilder->insert()
#5 C:\xampp\htdocs\polsek_kayu_aro\system\BaseModel.php(788): CodeIgniter\Model->doInsert(Array)
#6 C:\xampp\htdocs\polsek_kayu_aro\system\Model.php(715): CodeIgniter\BaseModel->insert(Array, false)
#7 C:\xampp\htdocs\polsek_kayu_aro\system\BaseModel.php(698): CodeIgniter\Model->insert(Array, false)
#8 C:\xampp\htdocs\polsek_kayu_aro\app\Controllers\Admin\GaleriController.php(133): CodeIgniter\BaseModel->save(Array)
#9 C:\xampp\htdocs\polsek_kayu_aro\system\CodeIgniter.php(942): App\Controllers\Admin\GaleriController->save()
#10 C:\xampp\htdocs\polsek_kayu_aro\system\CodeIgniter.php(502): CodeIgniter\CodeIgniter->runController(Object(App\Controllers\Admin\GaleriController))
#11 C:\xampp\htdocs\polsek_kayu_aro\system\CodeIgniter.php(361): CodeIgniter\CodeIgniter->handleRequest(NULL, Object(Config\Cache), false)
#12 C:\xampp\htdocs\polsek_kayu_aro\public\index.php(79): CodeIgniter\CodeIgniter->run()
#13 C:\xampp\htdocs\polsek_kayu_aro\system\Commands\Server\rewrite.php(47): require_once('C:\\xampp\\htdocs...')
#14 {main}
CRITICAL - 2024-07-20 22:06:13 --> Cannot add or update a child row: a foreign key constraint fails (`polsek_kayu_aro`.`tb_foto`, CONSTRAINT `tb_foto_id_user_foreign` FOREIGN KEY (`id_user`) REFERENCES `tb_user` (`id_user`) ON DELETE CASCADE ON UPDATE CASCADE)
in SYSTEMPATH\Database\BaseConnection.php on line 647.
 1 SYSTEMPATH\Database\BaseBuilder.php(2308): CodeIgniter\Database\BaseConnection->query('INSERT INTO `tb_foto` (`judul_foto`, `deskripsi`, `tanggal_foto`, `slug`, `created_at`, `updated_at`) VALUES (:judul_foto:, :deskripsi:, :tanggal_foto:, :slug:, :created_at:, :updated_at:)', [...], false)
 2 SYSTEMPATH\Model.php(319): CodeIgniter\Database\BaseBuilder->insert()
 3 SYSTEMPATH\BaseModel.php(788): CodeIgniter\Model->doInsert([...])
 4 SYSTEMPATH\Model.php(715): CodeIgniter\BaseModel->insert([...], false)
 5 SYSTEMPATH\BaseModel.php(698): CodeIgniter\Model->insert([...], false)
 6 APPPATH\Controllers\Admin\GaleriController.php(133): CodeIgniter\BaseModel->save([...])
 7 SYSTEMPATH\CodeIgniter.php(942): App\Controllers\Admin\GaleriController->save()
 8 SYSTEMPATH\CodeIgniter.php(502): CodeIgniter\CodeIgniter->runController(Object(App\Controllers\Admin\GaleriController))
 9 SYSTEMPATH\CodeIgniter.php(361): CodeIgniter\CodeIgniter->handleRequest(null, Object(Config\Cache), false)
10 FCPATH\index.php(79): CodeIgniter\CodeIgniter->run()
11 SYSTEMPATH\Commands\Server\rewrite.php(47): require_once('C:\\xampp\\htdocs\\polsek_kayu_aro\\public\\index.php')
INFO - 2024-07-20 22:08:48 --> Session: Class initialized using 'CodeIgniter\Session\Handlers\FileHandler' driver.
INFO - 2024-07-20 22:08:49 --> Session: Class initialized using 'CodeIgniter\Session\Handlers\FileHandler' driver.
INFO - 2024-07-20 22:10:07 --> Session: Class initialized using 'CodeIgniter\Session\Handlers\FileHandler' driver.
INFO - 2024-07-20 22:10:25 --> Session: Class initialized using 'CodeIgniter\Session\Handlers\FileHandler' driver.
INFO - 2024-07-20 22:12:12 --> Session: Class initialized using 'CodeIgniter\Session\Handlers\FileHandler' driver.
INFO - 2024-07-20 22:12:24 --> Session: Class initialized using 'CodeIgniter\Session\Handlers\FileHandler' driver.
INFO - 2024-07-20 22:12:24 --> Session: Class initialized using 'CodeIgniter\Session\Handlers\FileHandler' driver.
INFO - 2024-07-20 22:14:23 --> Session: Class initialized using 'CodeIgniter\Session\Handlers\FileHandler' driver.
INFO - 2024-07-20 22:14:31 --> Session: Class initialized using 'CodeIgniter\Session\Handlers\FileHandler' driver.
INFO - 2024-07-20 22:14:32 --> Session: Class initialized using 'CodeIgniter\Session\Handlers\FileHandler' driver.
INFO - 2024-07-20 22:15:17 --> Session: Class initialized using 'CodeIgniter\Session\Handlers\FileHandler' driver.
INFO - 2024-07-20 22:16:00 --> Session: Class initialized using 'CodeIgniter\Session\Handlers\FileHandler' driver.
INFO - 2024-07-20 22:16:08 --> Session: Class initialized using 'CodeIgniter\Session\Handlers\FileHandler' driver.
INFO - 2024-07-20 22:29:56 --> Session: Class initialized using 'CodeIgniter\Session\Handlers\FileHandler' driver.
INFO - 2024-07-20 22:29:58 --> Session: Class initialized using 'CodeIgniter\Session\Handlers\FileHandler' driver.
CRITICAL - 2024-07-20 22:29:58 --> Undefined array key "id_user"
in APPPATH\Controllers\Admin\GaleriController.php on line 380.
 1 APPPATH\Controllers\Admin\GaleriController.php(380): CodeIgniter\Debug\Exceptions->errorHandler(2, 'Undefined array key "id_user"', 'C:\\xampp\\htdocs\\polsek_kayu_aro\\app\\Controllers\\Admin\\GaleriController.php', 380)
 2 SYSTEMPATH\CodeIgniter.php(942): App\Controllers\Admin\GaleriController->cek_data('2')
 3 SYSTEMPATH\CodeIgniter.php(502): CodeIgniter\CodeIgniter->runController(Object(App\Controllers\Admin\GaleriController))
 4 SYSTEMPATH\CodeIgniter.php(361): CodeIgniter\CodeIgniter->handleRequest(null, Object(Config\Cache), false)
 5 FCPATH\index.php(79): CodeIgniter\CodeIgniter->run()
 6 SYSTEMPATH\Commands\Server\rewrite.php(47): require_once('C:\\xampp\\htdocs\\polsek_kayu_aro\\public\\index.php')
INFO - 2024-07-20 22:30:37 --> Session: Class initialized using 'CodeIgniter\Session\Handlers\FileHandler' driver.
CRITICAL - 2024-07-20 22:30:37 --> Undefined array key "id_user"
in APPPATH\Controllers\Admin\GaleriController.php on line 380.
 1 APPPATH\Controllers\Admin\GaleriController.php(380): CodeIgniter\Debug\Exceptions->errorHandler(2, 'Undefined array key "id_user"', 'C:\\xampp\\htdocs\\polsek_kayu_aro\\app\\Controllers\\Admin\\GaleriController.php', 380)
 2 SYSTEMPATH\CodeIgniter.php(942): App\Controllers\Admin\GaleriController->cek_data('2')
 3 SYSTEMPATH\CodeIgniter.php(502): CodeIgniter\CodeIgniter->runController(Object(App\Controllers\Admin\GaleriController))
 4 SYSTEMPATH\CodeIgniter.php(361): CodeIgniter\CodeIgniter->handleRequest(null, Object(Config\Cache), false)
 5 FCPATH\index.php(79): CodeIgniter\CodeIgniter->run()
 6 SYSTEMPATH\Commands\Server\rewrite.php(47): require_once('C:\\xampp\\htdocs\\polsek_kayu_aro\\public\\index.php')
INFO - 2024-07-20 22:30:39 --> Session: Class initialized using 'CodeIgniter\Session\Handlers\FileHandler' driver.
CRITICAL - 2024-07-20 22:30:39 --> Undefined array key "id_user"
in APPPATH\Controllers\Admin\GaleriController.php on line 380.
 1 APPPATH\Controllers\Admin\GaleriController.php(380): CodeIgniter\Debug\Exceptions->errorHandler(2, 'Undefined array key "id_user"', 'C:\\xampp\\htdocs\\polsek_kayu_aro\\app\\Controllers\\Admin\\GaleriController.php', 380)
 2 SYSTEMPATH\CodeIgniter.php(942): App\Controllers\Admin\GaleriController->cek_data('2')
 3 SYSTEMPATH\CodeIgniter.php(502): CodeIgniter\CodeIgniter->runController(Object(App\Controllers\Admin\GaleriController))
 4 SYSTEMPATH\CodeIgniter.php(361): CodeIgniter\CodeIgniter->handleRequest(null, Object(Config\Cache), false)
 5 FCPATH\index.php(79): CodeIgniter\CodeIgniter->run()
 6 SYSTEMPATH\Commands\Server\rewrite.php(47): require_once('C:\\xampp\\htdocs\\polsek_kayu_aro\\public\\index.php')
INFO - 2024-07-20 22:30:39 --> Session: Class initialized using 'CodeIgniter\Session\Handlers\FileHandler' driver.
CRITICAL - 2024-07-20 22:30:39 --> Undefined array key "id_user"
in APPPATH\Controllers\Admin\GaleriController.php on line 380.
 1 APPPATH\Controllers\Admin\GaleriController.php(380): CodeIgniter\Debug\Exceptions->errorHandler(2, 'Undefined array key "id_user"', 'C:\\xampp\\htdocs\\polsek_kayu_aro\\app\\Controllers\\Admin\\GaleriController.php', 380)
 2 SYSTEMPATH\CodeIgniter.php(942): App\Controllers\Admin\GaleriController->cek_data('2')
 3 SYSTEMPATH\CodeIgniter.php(502): CodeIgniter\CodeIgniter->runController(Object(App\Controllers\Admin\GaleriController))
 4 SYSTEMPATH\CodeIgniter.php(361): CodeIgniter\CodeIgniter->handleRequest(null, Object(Config\Cache), false)
 5 FCPATH\index.php(79): CodeIgniter\CodeIgniter->run()
 6 SYSTEMPATH\Commands\Server\rewrite.php(47): require_once('C:\\xampp\\htdocs\\polsek_kayu_aro\\public\\index.php')
INFO - 2024-07-20 22:35:21 --> Session: Class initialized using 'CodeIgniter\Session\Handlers\FileHandler' driver.
CRITICAL - 2024-07-20 22:35:21 --> Undefined array key "id_user"
in APPPATH\Controllers\Admin\GaleriController.php on line 379.
 1 APPPATH\Controllers\Admin\GaleriController.php(379): CodeIgniter\Debug\Exceptions->errorHandler(2, 'Undefined array key "id_user"', 'C:\\xampp\\htdocs\\polsek_kayu_aro\\app\\Controllers\\Admin\\GaleriController.php', 379)
 2 SYSTEMPATH\CodeIgniter.php(942): App\Controllers\Admin\GaleriController->cek_data('2')
 3 SYSTEMPATH\CodeIgniter.php(502): CodeIgniter\CodeIgniter->runController(Object(App\Controllers\Admin\GaleriController))
 4 SYSTEMPATH\CodeIgniter.php(361): CodeIgniter\CodeIgniter->handleRequest(null, Object(Config\Cache), false)
 5 FCPATH\index.php(79): CodeIgniter\CodeIgniter->run()
 6 SYSTEMPATH\Commands\Server\rewrite.php(47): require_once('C:\\xampp\\htdocs\\polsek_kayu_aro\\public\\index.php')
INFO - 2024-07-20 22:36:02 --> Session: Class initialized using 'CodeIgniter\Session\Handlers\FileHandler' driver.
CRITICAL - 2024-07-20 22:36:02 --> Undefined array key "id_user"
in APPPATH\Controllers\Admin\GaleriController.php on line 387.
 1 APPPATH\Controllers\Admin\GaleriController.php(387): CodeIgniter\Debug\Exceptions->errorHandler(2, 'Undefined array key "id_user"', 'C:\\xampp\\htdocs\\polsek_kayu_aro\\app\\Controllers\\Admin\\GaleriController.php', 387)
 2 SYSTEMPATH\CodeIgniter.php(942): App\Controllers\Admin\GaleriController->cek_data('2')
 3 SYSTEMPATH\CodeIgniter.php(502): CodeIgniter\CodeIgniter->runController(Object(App\Controllers\Admin\GaleriController))
 4 SYSTEMPATH\CodeIgniter.php(361): CodeIgniter\CodeIgniter->handleRequest(null, Object(Config\Cache), false)
 5 FCPATH\index.php(79): CodeIgniter\CodeIgniter->run()
 6 SYSTEMPATH\Commands\Server\rewrite.php(47): require_once('C:\\xampp\\htdocs\\polsek_kayu_aro\\public\\index.php')
INFO - 2024-07-20 22:36:03 --> Session: Class initialized using 'CodeIgniter\Session\Handlers\FileHandler' driver.
INFO - 2024-07-20 22:36:04 --> Session: Class initialized using 'CodeIgniter\Session\Handlers\FileHandler' driver.
INFO - 2024-07-20 22:36:15 --> Session: Class initialized using 'CodeIgniter\Session\Handlers\FileHandler' driver.
INFO - 2024-07-20 22:36:16 --> Session: Class initialized using 'CodeIgniter\Session\Handlers\FileHandler' driver.
INFO - 2024-07-20 22:36:20 --> Session: Class initialized using 'CodeIgniter\Session\Handlers\FileHandler' driver.
CRITICAL - 2024-07-20 22:36:21 --> Undefined array key "id_user"
in APPPATH\Controllers\Admin\GaleriController.php on line 387.
 1 APPPATH\Controllers\Admin\GaleriController.php(387): CodeIgniter\Debug\Exceptions->errorHandler(2, 'Undefined array key "id_user"', 'C:\\xampp\\htdocs\\polsek_kayu_aro\\app\\Controllers\\Admin\\GaleriController.php', 387)
 2 SYSTEMPATH\CodeIgniter.php(942): App\Controllers\Admin\GaleriController->cek_data('4')
 3 SYSTEMPATH\CodeIgniter.php(502): CodeIgniter\CodeIgniter->runController(Object(App\Controllers\Admin\GaleriController))
 4 SYSTEMPATH\CodeIgniter.php(361): CodeIgniter\CodeIgniter->handleRequest(null, Object(Config\Cache), false)
 5 FCPATH\index.php(79): CodeIgniter\CodeIgniter->run()
 6 SYSTEMPATH\Commands\Server\rewrite.php(47): require_once('C:\\xampp\\htdocs\\polsek_kayu_aro\\public\\index.php')
INFO - 2024-07-20 22:37:29 --> Session: Class initialized using 'CodeIgniter\Session\Handlers\FileHandler' driver.
CRITICAL - 2024-07-20 22:37:29 --> Undefined array key "id_user"
in APPPATH\Controllers\Admin\GaleriController.php on line 380.
 1 APPPATH\Controllers\Admin\GaleriController.php(380): CodeIgniter\Debug\Exceptions->errorHandler(2, 'Undefined array key "id_user"', 'C:\\xampp\\htdocs\\polsek_kayu_aro\\app\\Controllers\\Admin\\GaleriController.php', 380)
 2 SYSTEMPATH\CodeIgniter.php(942): App\Controllers\Admin\GaleriController->cek_data('4')
 3 SYSTEMPATH\CodeIgniter.php(502): CodeIgniter\CodeIgniter->runController(Object(App\Controllers\Admin\GaleriController))
 4 SYSTEMPATH\CodeIgniter.php(361): CodeIgniter\CodeIgniter->handleRequest(null, Object(Config\Cache), false)
 5 FCPATH\index.php(79): CodeIgniter\CodeIgniter->run()
 6 SYSTEMPATH\Commands\Server\rewrite.php(47): require_once('C:\\xampp\\htdocs\\polsek_kayu_aro\\public\\index.php')
INFO - 2024-07-20 22:37:32 --> Session: Class initialized using 'CodeIgniter\Session\Handlers\FileHandler' driver.
CRITICAL - 2024-07-20 22:37:32 --> Undefined array key "id_user"
in APPPATH\Controllers\Admin\GaleriController.php on line 380.
 1 APPPATH\Controllers\Admin\GaleriController.php(380): CodeIgniter\Debug\Exceptions->errorHandler(2, 'Undefined array key "id_user"', 'C:\\xampp\\htdocs\\polsek_kayu_aro\\app\\Controllers\\Admin\\GaleriController.php', 380)
 2 SYSTEMPATH\CodeIgniter.php(942): App\Controllers\Admin\GaleriController->cek_data('4')
 3 SYSTEMPATH\CodeIgniter.php(502): CodeIgniter\CodeIgniter->runController(Object(App\Controllers\Admin\GaleriController))
 4 SYSTEMPATH\CodeIgniter.php(361): CodeIgniter\CodeIgniter->handleRequest(null, Object(Config\Cache), false)
 5 FCPATH\index.php(79): CodeIgniter\CodeIgniter->run()
 6 SYSTEMPATH\Commands\Server\rewrite.php(47): require_once('C:\\xampp\\htdocs\\polsek_kayu_aro\\public\\index.php')
INFO - 2024-07-20 22:37:32 --> Session: Class initialized using 'CodeIgniter\Session\Handlers\FileHandler' driver.
CRITICAL - 2024-07-20 22:37:32 --> Undefined array key "id_user"
in APPPATH\Controllers\Admin\GaleriController.php on line 380.
 1 APPPATH\Controllers\Admin\GaleriController.php(380): CodeIgniter\Debug\Exceptions->errorHandler(2, 'Undefined array key "id_user"', 'C:\\xampp\\htdocs\\polsek_kayu_aro\\app\\Controllers\\Admin\\GaleriController.php', 380)
 2 SYSTEMPATH\CodeIgniter.php(942): App\Controllers\Admin\GaleriController->cek_data('4')
 3 SYSTEMPATH\CodeIgniter.php(502): CodeIgniter\CodeIgniter->runController(Object(App\Controllers\Admin\GaleriController))
 4 SYSTEMPATH\CodeIgniter.php(361): CodeIgniter\CodeIgniter->handleRequest(null, Object(Config\Cache), false)
 5 FCPATH\index.php(79): CodeIgniter\CodeIgniter->run()
 6 SYSTEMPATH\Commands\Server\rewrite.php(47): require_once('C:\\xampp\\htdocs\\polsek_kayu_aro\\public\\index.php')
INFO - 2024-07-20 22:37:32 --> Session: Class initialized using 'CodeIgniter\Session\Handlers\FileHandler' driver.
CRITICAL - 2024-07-20 22:37:32 --> Undefined array key "id_user"
in APPPATH\Controllers\Admin\GaleriController.php on line 380.
 1 APPPATH\Controllers\Admin\GaleriController.php(380): CodeIgniter\Debug\Exceptions->errorHandler(2, 'Undefined array key "id_user"', 'C:\\xampp\\htdocs\\polsek_kayu_aro\\app\\Controllers\\Admin\\GaleriController.php', 380)
 2 SYSTEMPATH\CodeIgniter.php(942): App\Controllers\Admin\GaleriController->cek_data('4')
 3 SYSTEMPATH\CodeIgniter.php(502): CodeIgniter\CodeIgniter->runController(Object(App\Controllers\Admin\GaleriController))
 4 SYSTEMPATH\CodeIgniter.php(361): CodeIgniter\CodeIgniter->handleRequest(null, Object(Config\Cache), false)
 5 FCPATH\index.php(79): CodeIgniter\CodeIgniter->run()
 6 SYSTEMPATH\Commands\Server\rewrite.php(47): require_once('C:\\xampp\\htdocs\\polsek_kayu_aro\\public\\index.php')
INFO - 2024-07-20 22:37:32 --> Session: Class initialized using 'CodeIgniter\Session\Handlers\FileHandler' driver.
CRITICAL - 2024-07-20 22:37:32 --> Undefined array key "id_user"
in APPPATH\Controllers\Admin\GaleriController.php on line 380.
 1 APPPATH\Controllers\Admin\GaleriController.php(380): CodeIgniter\Debug\Exceptions->errorHandler(2, 'Undefined array key "id_user"', 'C:\\xampp\\htdocs\\polsek_kayu_aro\\app\\Controllers\\Admin\\GaleriController.php', 380)
 2 SYSTEMPATH\CodeIgniter.php(942): App\Controllers\Admin\GaleriController->cek_data('4')
 3 SYSTEMPATH\CodeIgniter.php(502): CodeIgniter\CodeIgniter->runController(Object(App\Controllers\Admin\GaleriController))
 4 SYSTEMPATH\CodeIgniter.php(361): CodeIgniter\CodeIgniter->handleRequest(null, Object(Config\Cache), false)
 5 FCPATH\index.php(79): CodeIgniter\CodeIgniter->run()
 6 SYSTEMPATH\Commands\Server\rewrite.php(47): require_once('C:\\xampp\\htdocs\\polsek_kayu_aro\\public\\index.php')
INFO - 2024-07-20 22:40:27 --> Session: Class initialized using 'CodeIgniter\Session\Handlers\FileHandler' driver.
INFO - 2024-07-20 22:40:30 --> Session: Class initialized using 'CodeIgniter\Session\Handlers\FileHandler' driver.
INFO - 2024-07-20 22:40:32 --> Session: Class initialized using 'CodeIgniter\Session\Handlers\FileHandler' driver.
CRITICAL - 2024-07-20 22:40:32 --> Undefined array key "id_user"
in APPPATH\Controllers\Admin\GaleriController.php on line 380.
 1 APPPATH\Controllers\Admin\GaleriController.php(380): CodeIgniter\Debug\Exceptions->errorHandler(2, 'Undefined array key "id_user"', 'C:\\xampp\\htdocs\\polsek_kayu_aro\\app\\Controllers\\Admin\\GaleriController.php', 380)
 2 SYSTEMPATH\CodeIgniter.php(942): App\Controllers\Admin\GaleriController->cek_data('4')
 3 SYSTEMPATH\CodeIgniter.php(502): CodeIgniter\CodeIgniter->runController(Object(App\Controllers\Admin\GaleriController))
 4 SYSTEMPATH\CodeIgniter.php(361): CodeIgniter\CodeIgniter->handleRequest(null, Object(Config\Cache), false)
 5 FCPATH\index.php(79): CodeIgniter\CodeIgniter->run()
 6 SYSTEMPATH\Commands\Server\rewrite.php(47): require_once('C:\\xampp\\htdocs\\polsek_kayu_aro\\public\\index.php')
INFO - 2024-07-20 22:43:02 --> Session: Class initialized using 'CodeIgniter\Session\Handlers\FileHandler' driver.
CRITICAL - 2024-07-20 22:43:03 --> Undefined array key "id_user"
in APPPATH\Controllers\Admin\GaleriController.php on line 380.
 1 APPPATH\Controllers\Admin\GaleriController.php(380): CodeIgniter\Debug\Exceptions->errorHandler(2, 'Undefined array key "id_user"', 'C:\\xampp\\htdocs\\polsek_kayu_aro\\app\\Controllers\\Admin\\GaleriController.php', 380)
 2 SYSTEMPATH\CodeIgniter.php(942): App\Controllers\Admin\GaleriController->cek_data('4')
 3 SYSTEMPATH\CodeIgniter.php(502): CodeIgniter\CodeIgniter->runController(Object(App\Controllers\Admin\GaleriController))
 4 SYSTEMPATH\CodeIgniter.php(361): CodeIgniter\CodeIgniter->handleRequest(null, Object(Config\Cache), false)
 5 FCPATH\index.php(79): CodeIgniter\CodeIgniter->run()
 6 SYSTEMPATH\Commands\Server\rewrite.php(47): require_once('C:\\xampp\\htdocs\\polsek_kayu_aro\\public\\index.php')
INFO - 2024-07-20 22:43:05 --> Session: Class initialized using 'CodeIgniter\Session\Handlers\FileHandler' driver.
CRITICAL - 2024-07-20 22:43:05 --> Undefined array key "id_user"
in APPPATH\Controllers\Admin\GaleriController.php on line 380.
 1 APPPATH\Controllers\Admin\GaleriController.php(380): CodeIgniter\Debug\Exceptions->errorHandler(2, 'Undefined array key "id_user"', 'C:\\xampp\\htdocs\\polsek_kayu_aro\\app\\Controllers\\Admin\\GaleriController.php', 380)
 2 SYSTEMPATH\CodeIgniter.php(942): App\Controllers\Admin\GaleriController->cek_data('4')
 3 SYSTEMPATH\CodeIgniter.php(502): CodeIgniter\CodeIgniter->runController(Object(App\Controllers\Admin\GaleriController))
 4 SYSTEMPATH\CodeIgniter.php(361): CodeIgniter\CodeIgniter->handleRequest(null, Object(Config\Cache), false)
 5 FCPATH\index.php(79): CodeIgniter\CodeIgniter->run()
 6 SYSTEMPATH\Commands\Server\rewrite.php(47): require_once('C:\\xampp\\htdocs\\polsek_kayu_aro\\public\\index.php')
INFO - 2024-07-20 22:43:05 --> Session: Class initialized using 'CodeIgniter\Session\Handlers\FileHandler' driver.
CRITICAL - 2024-07-20 22:43:05 --> Undefined array key "id_user"
in APPPATH\Controllers\Admin\GaleriController.php on line 380.
 1 APPPATH\Controllers\Admin\GaleriController.php(380): CodeIgniter\Debug\Exceptions->errorHandler(2, 'Undefined array key "id_user"', 'C:\\xampp\\htdocs\\polsek_kayu_aro\\app\\Controllers\\Admin\\GaleriController.php', 380)
 2 SYSTEMPATH\CodeIgniter.php(942): App\Controllers\Admin\GaleriController->cek_data('4')
 3 SYSTEMPATH\CodeIgniter.php(502): CodeIgniter\CodeIgniter->runController(Object(App\Controllers\Admin\GaleriController))
 4 SYSTEMPATH\CodeIgniter.php(361): CodeIgniter\CodeIgniter->handleRequest(null, Object(Config\Cache), false)
 5 FCPATH\index.php(79): CodeIgniter\CodeIgniter->run()
 6 SYSTEMPATH\Commands\Server\rewrite.php(47): require_once('C:\\xampp\\htdocs\\polsek_kayu_aro\\public\\index.php')
INFO - 2024-07-20 22:43:05 --> Session: Class initialized using 'CodeIgniter\Session\Handlers\FileHandler' driver.
CRITICAL - 2024-07-20 22:43:05 --> Undefined array key "id_user"
in APPPATH\Controllers\Admin\GaleriController.php on line 380.
 1 APPPATH\Controllers\Admin\GaleriController.php(380): CodeIgniter\Debug\Exceptions->errorHandler(2, 'Undefined array key "id_user"', 'C:\\xampp\\htdocs\\polsek_kayu_aro\\app\\Controllers\\Admin\\GaleriController.php', 380)
 2 SYSTEMPATH\CodeIgniter.php(942): App\Controllers\Admin\GaleriController->cek_data('4')
 3 SYSTEMPATH\CodeIgniter.php(502): CodeIgniter\CodeIgniter->runController(Object(App\Controllers\Admin\GaleriController))
 4 SYSTEMPATH\CodeIgniter.php(361): CodeIgniter\CodeIgniter->handleRequest(null, Object(Config\Cache), false)
 5 FCPATH\index.php(79): CodeIgniter\CodeIgniter->run()
 6 SYSTEMPATH\Commands\Server\rewrite.php(47): require_once('C:\\xampp\\htdocs\\polsek_kayu_aro\\public\\index.php')
INFO - 2024-07-20 22:43:05 --> Session: Class initialized using 'CodeIgniter\Session\Handlers\FileHandler' driver.
CRITICAL - 2024-07-20 22:43:06 --> Undefined array key "id_user"
in APPPATH\Controllers\Admin\GaleriController.php on line 380.
 1 APPPATH\Controllers\Admin\GaleriController.php(380): CodeIgniter\Debug\Exceptions->errorHandler(2, 'Undefined array key "id_user"', 'C:\\xampp\\htdocs\\polsek_kayu_aro\\app\\Controllers\\Admin\\GaleriController.php', 380)
 2 SYSTEMPATH\CodeIgniter.php(942): App\Controllers\Admin\GaleriController->cek_data('4')
 3 SYSTEMPATH\CodeIgniter.php(502): CodeIgniter\CodeIgniter->runController(Object(App\Controllers\Admin\GaleriController))
 4 SYSTEMPATH\CodeIgniter.php(361): CodeIgniter\CodeIgniter->handleRequest(null, Object(Config\Cache), false)
 5 FCPATH\index.php(79): CodeIgniter\CodeIgniter->run()
 6 SYSTEMPATH\Commands\Server\rewrite.php(47): require_once('C:\\xampp\\htdocs\\polsek_kayu_aro\\public\\index.php')
INFO - 2024-07-20 22:43:06 --> Session: Class initialized using 'CodeIgniter\Session\Handlers\FileHandler' driver.
CRITICAL - 2024-07-20 22:43:06 --> Undefined array key "id_user"
in APPPATH\Controllers\Admin\GaleriController.php on line 380.
 1 APPPATH\Controllers\Admin\GaleriController.php(380): CodeIgniter\Debug\Exceptions->errorHandler(2, 'Undefined array key "id_user"', 'C:\\xampp\\htdocs\\polsek_kayu_aro\\app\\Controllers\\Admin\\GaleriController.php', 380)
 2 SYSTEMPATH\CodeIgniter.php(942): App\Controllers\Admin\GaleriController->cek_data('4')
 3 SYSTEMPATH\CodeIgniter.php(502): CodeIgniter\CodeIgniter->runController(Object(App\Controllers\Admin\GaleriController))
 4 SYSTEMPATH\CodeIgniter.php(361): CodeIgniter\CodeIgniter->handleRequest(null, Object(Config\Cache), false)
 5 FCPATH\index.php(79): CodeIgniter\CodeIgniter->run()
 6 SYSTEMPATH\Commands\Server\rewrite.php(47): require_once('C:\\xampp\\htdocs\\polsek_kayu_aro\\public\\index.php')
INFO - 2024-07-20 22:43:06 --> Session: Class initialized using 'CodeIgniter\Session\Handlers\FileHandler' driver.
CRITICAL - 2024-07-20 22:43:06 --> Undefined array key "id_user"
in APPPATH\Controllers\Admin\GaleriController.php on line 380.
 1 APPPATH\Controllers\Admin\GaleriController.php(380): CodeIgniter\Debug\Exceptions->errorHandler(2, 'Undefined array key "id_user"', 'C:\\xampp\\htdocs\\polsek_kayu_aro\\app\\Controllers\\Admin\\GaleriController.php', 380)
 2 SYSTEMPATH\CodeIgniter.php(942): App\Controllers\Admin\GaleriController->cek_data('4')
 3 SYSTEMPATH\CodeIgniter.php(502): CodeIgniter\CodeIgniter->runController(Object(App\Controllers\Admin\GaleriController))
 4 SYSTEMPATH\CodeIgniter.php(361): CodeIgniter\CodeIgniter->handleRequest(null, Object(Config\Cache), false)
 5 FCPATH\index.php(79): CodeIgniter\CodeIgniter->run()
 6 SYSTEMPATH\Commands\Server\rewrite.php(47): require_once('C:\\xampp\\htdocs\\polsek_kayu_aro\\public\\index.php')
INFO - 2024-07-20 22:45:19 --> Session: Class initialized using 'CodeIgniter\Session\Handlers\FileHandler' driver.
ERROR - 2024-07-20 22:45:19 --> mysqli_sql_exception: Unknown column 'id_user' in 'where clause' in C:\xampp\htdocs\polsek_kayu_aro\system\Database\MySQLi\Connection.php:306
Stack trace:
#0 C:\xampp\htdocs\polsek_kayu_aro\system\Database\MySQLi\Connection.php(306): mysqli->query('SELECT *\nFROM `...', 0)
#1 C:\xampp\htdocs\polsek_kayu_aro\system\Database\BaseConnection.php(693): CodeIgniter\Database\MySQLi\Connection->execute('SELECT *\nFROM `...')
#2 C:\xampp\htdocs\polsek_kayu_aro\system\Database\BaseConnection.php(607): CodeIgniter\Database\BaseConnection->simpleQuery('SELECT *\nFROM `...')
#3 C:\xampp\htdocs\polsek_kayu_aro\system\Database\BaseBuilder.php(1615): CodeIgniter\Database\BaseConnection->query('SELECT *\nFROM `...', Array, false)
#4 C:\xampp\htdocs\polsek_kayu_aro\system\Model.php(237): CodeIgniter\Database\BaseBuilder->get()
#5 C:\xampp\htdocs\polsek_kayu_aro\system\BaseModel.php(624): CodeIgniter\Model->doFindAll(0, 0)
#6 C:\xampp\htdocs\polsek_kayu_aro\app\Models\FileFotoModel.php(18): CodeIgniter\BaseModel->findAll()
#7 C:\xampp\htdocs\polsek_kayu_aro\app\Controllers\Admin\GaleriController.php(384): App\Models\FileFotoModel->getAllDataByUser('1')
#8 C:\xampp\htdocs\polsek_kayu_aro\system\CodeIgniter.php(942): App\Controllers\Admin\GaleriController->cek_data('4')
#9 C:\xampp\htdocs\polsek_kayu_aro\system\CodeIgniter.php(502): CodeIgniter\CodeIgniter->runController(Object(App\Controllers\Admin\GaleriController))
#10 C:\xampp\htdocs\polsek_kayu_aro\system\CodeIgniter.php(361): CodeIgniter\CodeIgniter->handleRequest(NULL, Object(Config\Cache), false)
#11 C:\xampp\htdocs\polsek_kayu_aro\public\index.php(79): CodeIgniter\CodeIgniter->run()
#12 C:\xampp\htdocs\polsek_kayu_aro\system\Commands\Server\rewrite.php(47): require_once('C:\\xampp\\htdocs...')
#13 {main}
CRITICAL - 2024-07-20 22:45:19 --> Unknown column 'id_user' in 'where clause'
in SYSTEMPATH\Database\BaseConnection.php on line 647.
 1 SYSTEMPATH\Database\BaseBuilder.php(1615): CodeIgniter\Database\BaseConnection->query('SELECT *
FROM `tb_file_foto`
WHERE `id_user` = :id_user:
ORDER BY `id_file_foto` DESC', [...], false)
 2 SYSTEMPATH\Model.php(237): CodeIgniter\Database\BaseBuilder->get()
 3 SYSTEMPATH\BaseModel.php(624): CodeIgniter\Model->doFindAll(0, 0)
 4 APPPATH\Models\FileFotoModel.php(18): CodeIgniter\BaseModel->findAll()
 5 APPPATH\Controllers\Admin\GaleriController.php(384): App\Models\FileFotoModel->getAllDataByUser('1')
 6 SYSTEMPATH\CodeIgniter.php(942): App\Controllers\Admin\GaleriController->cek_data('4')
 7 SYSTEMPATH\CodeIgniter.php(502): CodeIgniter\CodeIgniter->runController(Object(App\Controllers\Admin\GaleriController))
 8 SYSTEMPATH\CodeIgniter.php(361): CodeIgniter\CodeIgniter->handleRequest(null, Object(Config\Cache), false)
 9 FCPATH\index.php(79): CodeIgniter\CodeIgniter->run()
10 SYSTEMPATH\Commands\Server\rewrite.php(47): require_once('C:\\xampp\\htdocs\\polsek_kayu_aro\\public\\index.php')
INFO - 2024-07-20 22:46:03 --> Session: Class initialized using 'CodeIgniter\Session\Handlers\FileHandler' driver.
ERROR - 2024-07-20 22:46:04 --> mysqli_sql_exception: Unknown column 'id_user' in 'where clause' in C:\xampp\htdocs\polsek_kayu_aro\system\Database\MySQLi\Connection.php:306
Stack trace:
#0 C:\xampp\htdocs\polsek_kayu_aro\system\Database\MySQLi\Connection.php(306): mysqli->query('SELECT *\nFROM `...', 0)
#1 C:\xampp\htdocs\polsek_kayu_aro\system\Database\BaseConnection.php(693): CodeIgniter\Database\MySQLi\Connection->execute('SELECT *\nFROM `...')
#2 C:\xampp\htdocs\polsek_kayu_aro\system\Database\BaseConnection.php(607): CodeIgniter\Database\BaseConnection->simpleQuery('SELECT *\nFROM `...')
#3 C:\xampp\htdocs\polsek_kayu_aro\system\Database\BaseBuilder.php(1615): CodeIgniter\Database\BaseConnection->query('SELECT *\nFROM `...', Array, false)
#4 C:\xampp\htdocs\polsek_kayu_aro\system\Model.php(237): CodeIgniter\Database\BaseBuilder->get()
#5 C:\xampp\htdocs\polsek_kayu_aro\system\BaseModel.php(624): CodeIgniter\Model->doFindAll(0, 0)
#6 C:\xampp\htdocs\polsek_kayu_aro\app\Models\FileFotoModel.php(18): CodeIgniter\BaseModel->findAll()
#7 C:\xampp\htdocs\polsek_kayu_aro\app\Controllers\Admin\GaleriController.php(384): App\Models\FileFotoModel->getAllDataByUser('1')
#8 C:\xampp\htdocs\polsek_kayu_aro\system\CodeIgniter.php(942): App\Controllers\Admin\GaleriController->cek_data('4')
#9 C:\xampp\htdocs\polsek_kayu_aro\system\CodeIgniter.php(502): CodeIgniter\CodeIgniter->runController(Object(App\Controllers\Admin\GaleriController))
#10 C:\xampp\htdocs\polsek_kayu_aro\system\CodeIgniter.php(361): CodeIgniter\CodeIgniter->handleRequest(NULL, Object(Config\Cache), false)
#11 C:\xampp\htdocs\polsek_kayu_aro\public\index.php(79): CodeIgniter\CodeIgniter->run()
#12 C:\xampp\htdocs\polsek_kayu_aro\system\Commands\Server\rewrite.php(47): require_once('C:\\xampp\\htdocs...')
#13 {main}
CRITICAL - 2024-07-20 22:46:04 --> Unknown column 'id_user' in 'where clause'
in SYSTEMPATH\Database\BaseConnection.php on line 647.
 1 SYSTEMPATH\Database\BaseBuilder.php(1615): CodeIgniter\Database\BaseConnection->query('SELECT *
FROM `tb_file_foto`
WHERE `id_user` = :id_user:
ORDER BY `id_file_foto` DESC', [...], false)
 2 SYSTEMPATH\Model.php(237): CodeIgniter\Database\BaseBuilder->get()
 3 SYSTEMPATH\BaseModel.php(624): CodeIgniter\Model->doFindAll(0, 0)
 4 APPPATH\Models\FileFotoModel.php(18): CodeIgniter\BaseModel->findAll()
 5 APPPATH\Controllers\Admin\GaleriController.php(384): App\Models\FileFotoModel->getAllDataByUser('1')
 6 SYSTEMPATH\CodeIgniter.php(942): App\Controllers\Admin\GaleriController->cek_data('4')
 7 SYSTEMPATH\CodeIgniter.php(502): CodeIgniter\CodeIgniter->runController(Object(App\Controllers\Admin\GaleriController))
 8 SYSTEMPATH\CodeIgniter.php(361): CodeIgniter\CodeIgniter->handleRequest(null, Object(Config\Cache), false)
 9 FCPATH\index.php(79): CodeIgniter\CodeIgniter->run()
10 SYSTEMPATH\Commands\Server\rewrite.php(47): require_once('C:\\xampp\\htdocs\\polsek_kayu_aro\\public\\index.php')
INFO - 2024-07-20 22:46:05 --> Session: Class initialized using 'CodeIgniter\Session\Handlers\FileHandler' driver.
ERROR - 2024-07-20 22:46:05 --> mysqli_sql_exception: Unknown column 'id_user' in 'where clause' in C:\xampp\htdocs\polsek_kayu_aro\system\Database\MySQLi\Connection.php:306
Stack trace:
#0 C:\xampp\htdocs\polsek_kayu_aro\system\Database\MySQLi\Connection.php(306): mysqli->query('SELECT *\nFROM `...', 0)
#1 C:\xampp\htdocs\polsek_kayu_aro\system\Database\BaseConnection.php(693): CodeIgniter\Database\MySQLi\Connection->execute('SELECT *\nFROM `...')
#2 C:\xampp\htdocs\polsek_kayu_aro\system\Database\BaseConnection.php(607): CodeIgniter\Database\BaseConnection->simpleQuery('SELECT *\nFROM `...')
#3 C:\xampp\htdocs\polsek_kayu_aro\system\Database\BaseBuilder.php(1615): CodeIgniter\Database\BaseConnection->query('SELECT *\nFROM `...', Array, false)
#4 C:\xampp\htdocs\polsek_kayu_aro\system\Model.php(237): CodeIgniter\Database\BaseBuilder->get()
#5 C:\xampp\htdocs\polsek_kayu_aro\system\BaseModel.php(624): CodeIgniter\Model->doFindAll(0, 0)
#6 C:\xampp\htdocs\polsek_kayu_aro\app\Models\FileFotoModel.php(18): CodeIgniter\BaseModel->findAll()
#7 C:\xampp\htdocs\polsek_kayu_aro\app\Controllers\Admin\GaleriController.php(384): App\Models\FileFotoModel->getAllDataByUser('1')
#8 C:\xampp\htdocs\polsek_kayu_aro\system\CodeIgniter.php(942): App\Controllers\Admin\GaleriController->cek_data('4')
#9 C:\xampp\htdocs\polsek_kayu_aro\system\CodeIgniter.php(502): CodeIgniter\CodeIgniter->runController(Object(App\Controllers\Admin\GaleriController))
#10 C:\xampp\htdocs\polsek_kayu_aro\system\CodeIgniter.php(361): CodeIgniter\CodeIgniter->handleRequest(NULL, Object(Config\Cache), false)
#11 C:\xampp\htdocs\polsek_kayu_aro\public\index.php(79): CodeIgniter\CodeIgniter->run()
#12 C:\xampp\htdocs\polsek_kayu_aro\system\Commands\Server\rewrite.php(47): require_once('C:\\xampp\\htdocs...')
#13 {main}
CRITICAL - 2024-07-20 22:46:05 --> Unknown column 'id_user' in 'where clause'
in SYSTEMPATH\Database\BaseConnection.php on line 647.
 1 SYSTEMPATH\Database\BaseBuilder.php(1615): CodeIgniter\Database\BaseConnection->query('SELECT *
FROM `tb_file_foto`
WHERE `id_user` = :id_user:
ORDER BY `id_file_foto` DESC', [...], false)
 2 SYSTEMPATH\Model.php(237): CodeIgniter\Database\BaseBuilder->get()
 3 SYSTEMPATH\BaseModel.php(624): CodeIgniter\Model->doFindAll(0, 0)
 4 APPPATH\Models\FileFotoModel.php(18): CodeIgniter\BaseModel->findAll()
 5 APPPATH\Controllers\Admin\GaleriController.php(384): App\Models\FileFotoModel->getAllDataByUser('1')
 6 SYSTEMPATH\CodeIgniter.php(942): App\Controllers\Admin\GaleriController->cek_data('4')
 7 SYSTEMPATH\CodeIgniter.php(502): CodeIgniter\CodeIgniter->runController(Object(App\Controllers\Admin\GaleriController))
 8 SYSTEMPATH\CodeIgniter.php(361): CodeIgniter\CodeIgniter->handleRequest(null, Object(Config\Cache), false)
 9 FCPATH\index.php(79): CodeIgniter\CodeIgniter->run()
10 SYSTEMPATH\Commands\Server\rewrite.php(47): require_once('C:\\xampp\\htdocs\\polsek_kayu_aro\\public\\index.php')
INFO - 2024-07-20 22:46:36 --> Session: Class initialized using 'CodeIgniter\Session\Handlers\FileHandler' driver.
CRITICAL - 2024-07-20 22:46:36 --> Cannot access offset of type string on string
in APPPATH\Views\admin\galeri\cek_data.php on line 58.
 1 SYSTEMPATH\View\View.php(228): include()
 2 SYSTEMPATH\View\View.php(231): CodeIgniter\View\View->CodeIgniter\View\{closure}()
 3 SYSTEMPATH\Common.php(1190): CodeIgniter\View\View->render('admin/galeri/cek_data', [], true)
 4 APPPATH\Controllers\Admin\GaleriController.php(391): view('admin/galeri/cek_data', [...])
 5 SYSTEMPATH\CodeIgniter.php(942): App\Controllers\Admin\GaleriController->cek_data('4')
 6 SYSTEMPATH\CodeIgniter.php(502): CodeIgniter\CodeIgniter->runController(Object(App\Controllers\Admin\GaleriController))
 7 SYSTEMPATH\CodeIgniter.php(361): CodeIgniter\CodeIgniter->handleRequest(null, Object(Config\Cache), false)
 8 FCPATH\index.php(79): CodeIgniter\CodeIgniter->run()
 9 SYSTEMPATH\Commands\Server\rewrite.php(47): require_once('C:\\xampp\\htdocs\\polsek_kayu_aro\\public\\index.php')
INFO - 2024-07-20 22:48:37 --> Session: Class initialized using 'CodeIgniter\Session\Handlers\FileHandler' driver.
CRITICAL - 2024-07-20 22:48:38 --> Cannot access offset of type string on string
in APPPATH\Views\admin\galeri\cek_data.php on line 136.
 1 SYSTEMPATH\View\View.php(228): include()
 2 SYSTEMPATH\View\View.php(231): CodeIgniter\View\View->CodeIgniter\View\{closure}()
 3 SYSTEMPATH\Common.php(1190): CodeIgniter\View\View->render('admin/galeri/cek_data', [], true)
 4 APPPATH\Controllers\Admin\GaleriController.php(391): view('admin/galeri/cek_data', [...])
 5 SYSTEMPATH\CodeIgniter.php(942): App\Controllers\Admin\GaleriController->cek_data('4')
 6 SYSTEMPATH\CodeIgniter.php(502): CodeIgniter\CodeIgniter->runController(Object(App\Controllers\Admin\GaleriController))
 7 SYSTEMPATH\CodeIgniter.php(361): CodeIgniter\CodeIgniter->handleRequest(null, Object(Config\Cache), false)
 8 FCPATH\index.php(79): CodeIgniter\CodeIgniter->run()
 9 SYSTEMPATH\Commands\Server\rewrite.php(47): require_once('C:\\xampp\\htdocs\\polsek_kayu_aro\\public\\index.php')
INFO - 2024-07-20 22:49:27 --> Session: Class initialized using 'CodeIgniter\Session\Handlers\FileHandler' driver.
CRITICAL - 2024-07-20 22:49:27 --> Attempt to read property "judul_foto" on string
in APPPATH\Views\admin\galeri\cek_data.php on line 91.
 1 APPPATH\Views\admin\galeri\cek_data.php(91): CodeIgniter\Debug\Exceptions->errorHandler(2, 'Attempt to read property "judul_foto" on string', 'C:\\xampp\\htdocs\\polsek_kayu_aro\\app\\Views\\admin\\galeri\\cek_data.php', 91)
 2 SYSTEMPATH\View\View.php(228): include('C:\\xampp\\htdocs\\polsek_kayu_aro\\app\\Views\\admin\\galeri\\cek_data.php')
 3 SYSTEMPATH\View\View.php(231): CodeIgniter\View\View->CodeIgniter\View\{closure}()
 4 SYSTEMPATH\Common.php(1190): CodeIgniter\View\View->render('admin/galeri/cek_data', [], true)
 5 APPPATH\Controllers\Admin\GaleriController.php(391): view('admin/galeri/cek_data', [...])
 6 SYSTEMPATH\CodeIgniter.php(942): App\Controllers\Admin\GaleriController->cek_data('4')
 7 SYSTEMPATH\CodeIgniter.php(502): CodeIgniter\CodeIgniter->runController(Object(App\Controllers\Admin\GaleriController))
 8 SYSTEMPATH\CodeIgniter.php(361): CodeIgniter\CodeIgniter->handleRequest(null, Object(Config\Cache), false)
 9 FCPATH\index.php(79): CodeIgniter\CodeIgniter->run()
10 SYSTEMPATH\Commands\Server\rewrite.php(47): require_once('C:\\xampp\\htdocs\\polsek_kayu_aro\\public\\index.php')
INFO - 2024-07-20 22:49:34 --> Session: Class initialized using 'CodeIgniter\Session\Handlers\FileHandler' driver.
CRITICAL - 2024-07-20 22:49:34 --> Cannot access offset of type string on string
in APPPATH\Views\admin\galeri\cek_data.php on line 134.
 1 SYSTEMPATH\View\View.php(228): include()
 2 SYSTEMPATH\View\View.php(231): CodeIgniter\View\View->CodeIgniter\View\{closure}()
 3 SYSTEMPATH\Common.php(1190): CodeIgniter\View\View->render('admin/galeri/cek_data', [], true)
 4 APPPATH\Controllers\Admin\GaleriController.php(391): view('admin/galeri/cek_data', [...])
 5 SYSTEMPATH\CodeIgniter.php(942): App\Controllers\Admin\GaleriController->cek_data('4')
 6 SYSTEMPATH\CodeIgniter.php(502): CodeIgniter\CodeIgniter->runController(Object(App\Controllers\Admin\GaleriController))
 7 SYSTEMPATH\CodeIgniter.php(361): CodeIgniter\CodeIgniter->handleRequest(null, Object(Config\Cache), false)
 8 FCPATH\index.php(79): CodeIgniter\CodeIgniter->run()
 9 SYSTEMPATH\Commands\Server\rewrite.php(47): require_once('C:\\xampp\\htdocs\\polsek_kayu_aro\\public\\index.php')
INFO - 2024-07-20 22:49:58 --> Session: Class initialized using 'CodeIgniter\Session\Handlers\FileHandler' driver.
CRITICAL - 2024-07-20 22:49:58 --> Attempt to read property "judul_foto" on string
in APPPATH\Views\admin\galeri\cek_data.php on line 134.
 1 APPPATH\Views\admin\galeri\cek_data.php(134): CodeIgniter\Debug\Exceptions->errorHandler(2, 'Attempt to read property "judul_foto" on string', 'C:\\xampp\\htdocs\\polsek_kayu_aro\\app\\Views\\admin\\galeri\\cek_data.php', 134)
 2 SYSTEMPATH\View\View.php(228): include('C:\\xampp\\htdocs\\polsek_kayu_aro\\app\\Views\\admin\\galeri\\cek_data.php')
 3 SYSTEMPATH\View\View.php(231): CodeIgniter\View\View->CodeIgniter\View\{closure}()
 4 SYSTEMPATH\Common.php(1190): CodeIgniter\View\View->render('admin/galeri/cek_data', [], true)
 5 APPPATH\Controllers\Admin\GaleriController.php(391): view('admin/galeri/cek_data', [...])
 6 SYSTEMPATH\CodeIgniter.php(942): App\Controllers\Admin\GaleriController->cek_data('4')
 7 SYSTEMPATH\CodeIgniter.php(502): CodeIgniter\CodeIgniter->runController(Object(App\Controllers\Admin\GaleriController))
 8 SYSTEMPATH\CodeIgniter.php(361): CodeIgniter\CodeIgniter->handleRequest(null, Object(Config\Cache), false)
 9 FCPATH\index.php(79): CodeIgniter\CodeIgniter->run()
10 SYSTEMPATH\Commands\Server\rewrite.php(47): require_once('C:\\xampp\\htdocs\\polsek_kayu_aro\\public\\index.php')
INFO - 2024-07-20 22:50:16 --> Session: Class initialized using 'CodeIgniter\Session\Handlers\FileHandler' driver.
CRITICAL - 2024-07-20 22:50:16 --> Cannot access offset of type string on string
in APPPATH\Views\admin\galeri\cek_data.php on line 136.
 1 SYSTEMPATH\View\View.php(228): include()
 2 SYSTEMPATH\View\View.php(231): CodeIgniter\View\View->CodeIgniter\View\{closure}()
 3 SYSTEMPATH\Common.php(1190): CodeIgniter\View\View->render('admin/galeri/cek_data', [], true)
 4 APPPATH\Controllers\Admin\GaleriController.php(391): view('admin/galeri/cek_data', [...])
 5 SYSTEMPATH\CodeIgniter.php(942): App\Controllers\Admin\GaleriController->cek_data('4')
 6 SYSTEMPATH\CodeIgniter.php(502): CodeIgniter\CodeIgniter->runController(Object(App\Controllers\Admin\GaleriController))
 7 SYSTEMPATH\CodeIgniter.php(361): CodeIgniter\CodeIgniter->handleRequest(null, Object(Config\Cache), false)
 8 FCPATH\index.php(79): CodeIgniter\CodeIgniter->run()
 9 SYSTEMPATH\Commands\Server\rewrite.php(47): require_once('C:\\xampp\\htdocs\\polsek_kayu_aro\\public\\index.php')
INFO - 2024-07-20 22:50:28 --> Session: Class initialized using 'CodeIgniter\Session\Handlers\FileHandler' driver.
CRITICAL - 2024-07-20 22:50:28 --> Cannot access offset of type string on string
in APPPATH\Views\admin\galeri\cek_data.php on line 183.
 1 SYSTEMPATH\View\View.php(228): include()
 2 SYSTEMPATH\View\View.php(231): CodeIgniter\View\View->CodeIgniter\View\{closure}()
 3 SYSTEMPATH\Common.php(1190): CodeIgniter\View\View->render('admin/galeri/cek_data', [], true)
 4 APPPATH\Controllers\Admin\GaleriController.php(391): view('admin/galeri/cek_data', [...])
 5 SYSTEMPATH\CodeIgniter.php(942): App\Controllers\Admin\GaleriController->cek_data('4')
 6 SYSTEMPATH\CodeIgniter.php(502): CodeIgniter\CodeIgniter->runController(Object(App\Controllers\Admin\GaleriController))
 7 SYSTEMPATH\CodeIgniter.php(361): CodeIgniter\CodeIgniter->handleRequest(null, Object(Config\Cache), false)
 8 FCPATH\index.php(79): CodeIgniter\CodeIgniter->run()
 9 SYSTEMPATH\Commands\Server\rewrite.php(47): require_once('C:\\xampp\\htdocs\\polsek_kayu_aro\\public\\index.php')
INFO - 2024-07-20 22:50:38 --> Session: Class initialized using 'CodeIgniter\Session\Handlers\FileHandler' driver.
INFO - 2024-07-20 22:57:55 --> Session: Class initialized using 'CodeIgniter\Session\Handlers\FileHandler' driver.
INFO - 2024-07-20 22:58:30 --> Session: Class initialized using 'CodeIgniter\Session\Handlers\FileHandler' driver.
INFO - 2024-07-20 23:03:37 --> Session: Class initialized using 'CodeIgniter\Session\Handlers\FileHandler' driver.
CRITICAL - 2024-07-20 23:03:37 --> Cannot access offset of type string on string
in APPPATH\Views\admin\galeri\cek_data.php on line 58.
 1 SYSTEMPATH\View\View.php(228): include()
 2 SYSTEMPATH\View\View.php(231): CodeIgniter\View\View->CodeIgniter\View\{closure}()
 3 SYSTEMPATH\Common.php(1190): CodeIgniter\View\View->render('admin/galeri/cek_data', [], true)
 4 APPPATH\Controllers\Admin\GaleriController.php(391): view('admin/galeri/cek_data', [...])
 5 SYSTEMPATH\CodeIgniter.php(942): App\Controllers\Admin\GaleriController->cek_data('4')
 6 SYSTEMPATH\CodeIgniter.php(502): CodeIgniter\CodeIgniter->runController(Object(App\Controllers\Admin\GaleriController))
 7 SYSTEMPATH\CodeIgniter.php(361): CodeIgniter\CodeIgniter->handleRequest(null, Object(Config\Cache), false)
 8 FCPATH\index.php(79): CodeIgniter\CodeIgniter->run()
 9 SYSTEMPATH\Commands\Server\rewrite.php(47): require_once('C:\\xampp\\htdocs\\polsek_kayu_aro\\public\\index.php')
INFO - 2024-07-20 23:04:00 --> Session: Class initialized using 'CodeIgniter\Session\Handlers\FileHandler' driver.
INFO - 2024-07-20 23:04:00 --> Session: Class initialized using 'CodeIgniter\Session\Handlers\FileHandler' driver.
INFO - 2024-07-20 23:04:50 --> Session: Class initialized using 'CodeIgniter\Session\Handlers\FileHandler' driver.
INFO - 2024-07-20 23:04:54 --> Session: Class initialized using 'CodeIgniter\Session\Handlers\FileHandler' driver.
INFO - 2024-07-20 23:04:54 --> Session: Class initialized using 'CodeIgniter\Session\Handlers\FileHandler' driver.
