INFO - 2024-05-15 02:57:51 --> Session: Class initialized using 'CodeIgniter\Session\Handlers\FileHandler' driver.
INFO - 2024-05-15 02:57:54 --> Session: Class initialized using 'CodeIgniter\Session\Handlers\FileHandler' driver.
ERROR - 2024-05-15 02:57:58 --> Error connecting to the database: mysqli_sql_exception: No connection could be made because the target machine actively refused it in C:\xampp\htdocs\ppid_pswrn\system\Database\MySQLi\Connection.php:185
Stack trace:
#0 C:\xampp\htdocs\ppid_pswrn\system\Database\MySQLi\Connection.php(185): mysqli->real_connect('localhost', 'root', '', 'ppid_pswrn', 3306, '', 0)
#1 C:\xampp\htdocs\ppid_pswrn\system\Database\BaseConnection.php(392): CodeIgniter\Database\MySQLi\Connection->connect(false)
#2 C:\xampp\htdocs\ppid_pswrn\system\Database\BaseConnection.php(575): CodeIgniter\Database\BaseConnection->initialize()
#3 C:\xampp\htdocs\ppid_pswrn\system\Database\BaseBuilder.php(1615): CodeIgniter\Database\BaseConnection->query('SELECT *\nFROM `...', Array, false)
#4 C:\xampp\htdocs\ppid_pswrn\app\Models\WebOptionModel.php(39): CodeIgniter\Database\BaseBuilder->get()
#5 C:\xampp\htdocs\ppid_pswrn\app\Controllers\Home.php(18): App\Models\WebOptionModel->getAll(7)
#6 C:\xampp\htdocs\ppid_pswrn\system\CodeIgniter.php(942): App\Controllers\Home->index()
#7 C:\xampp\htdocs\ppid_pswrn\system\CodeIgniter.php(502): CodeIgniter\CodeIgniter->runController(Object(App\Controllers\Home))
#8 C:\xampp\htdocs\ppid_pswrn\system\CodeIgniter.php(361): CodeIgniter\CodeIgniter->handleRequest(NULL, Object(Config\Cache), false)
#9 C:\xampp\htdocs\ppid_pswrn\public\index.php(79): CodeIgniter\CodeIgniter->run()
#10 C:\xampp\htdocs\ppid_pswrn\system\Commands\Server\rewrite.php(47): require_once('C:\\xampp\\htdocs...')
#11 {main}

Next CodeIgniter\Database\Exceptions\DatabaseException: No connection could be made because the target machine actively refused it in C:\xampp\htdocs\ppid_pswrn\system\Database\MySQLi\Connection.php:229
Stack trace:
#0 C:\xampp\htdocs\ppid_pswrn\system\Database\BaseConnection.php(392): CodeIgniter\Database\MySQLi\Connection->connect(false)
#1 C:\xampp\htdocs\ppid_pswrn\system\Database\BaseConnection.php(575): CodeIgniter\Database\BaseConnection->initialize()
#2 C:\xampp\htdocs\ppid_pswrn\system\Database\BaseBuilder.php(1615): CodeIgniter\Database\BaseConnection->query('SELECT *\nFROM `...', Array, false)
#3 C:\xampp\htdocs\ppid_pswrn\app\Models\WebOptionModel.php(39): CodeIgniter\Database\BaseBuilder->get()
#4 C:\xampp\htdocs\ppid_pswrn\app\Controllers\Home.php(18): App\Models\WebOptionModel->getAll(7)
#5 C:\xampp\htdocs\ppid_pswrn\system\CodeIgniter.php(942): App\Controllers\Home->index()
#6 C:\xampp\htdocs\ppid_pswrn\system\CodeIgniter.php(502): CodeIgniter\CodeIgniter->runController(Object(App\Controllers\Home))
#7 C:\xampp\htdocs\ppid_pswrn\system\CodeIgniter.php(361): CodeIgniter\CodeIgniter->handleRequest(NULL, Object(Config\Cache), false)
#8 C:\xampp\htdocs\ppid_pswrn\public\index.php(79): CodeIgniter\CodeIgniter->run()
#9 C:\xampp\htdocs\ppid_pswrn\system\Commands\Server\rewrite.php(47): require_once('C:\\xampp\\htdocs...')
#10 {main}
CRITICAL - 2024-05-15 02:57:58 --> Unable to connect to the database.
Main connection [MySQLi]: No connection could be made because the target machine actively refused it
in SYSTEMPATH\Database\BaseConnection.php on line 428.
 1 SYSTEMPATH\Database\BaseConnection.php(575): CodeIgniter\Database\BaseConnection->initialize()
 2 SYSTEMPATH\Database\BaseBuilder.php(1615): CodeIgniter\Database\BaseConnection->query('SELECT *
FROM `tb_web_option`
WHERE `id_web_option` = :id_web_option:', [...], false)
 3 APPPATH\Models\WebOptionModel.php(39): CodeIgniter\Database\BaseBuilder->get()
 4 APPPATH\Controllers\Home.php(18): App\Models\WebOptionModel->getAll(7)
 5 SYSTEMPATH\CodeIgniter.php(942): App\Controllers\Home->index()
 6 SYSTEMPATH\CodeIgniter.php(502): CodeIgniter\CodeIgniter->runController(Object(App\Controllers\Home))
 7 SYSTEMPATH\CodeIgniter.php(361): CodeIgniter\CodeIgniter->handleRequest(null, Object(Config\Cache), false)
 8 FCPATH\index.php(79): CodeIgniter\CodeIgniter->run()
 9 SYSTEMPATH\Commands\Server\rewrite.php(47): require_once('C:\\xampp\\htdocs\\ppid_pswrn\\public\\index.php')
INFO - 2024-05-15 02:58:15 --> Session: Class initialized using 'CodeIgniter\Session\Handlers\FileHandler' driver.
INFO - 2024-05-15 02:58:25 --> Session: Class initialized using 'CodeIgniter\Session\Handlers\FileHandler' driver.
INFO - 2024-05-15 02:58:28 --> Session: Class initialized using 'CodeIgniter\Session\Handlers\FileHandler' driver.
INFO - 2024-05-15 02:58:28 --> Session: Class initialized using 'CodeIgniter\Session\Handlers\FileHandler' driver.
INFO - 2024-05-15 02:58:30 --> Session: Class initialized using 'CodeIgniter\Session\Handlers\FileHandler' driver.
INFO - 2024-05-15 02:59:18 --> Session: Class initialized using 'CodeIgniter\Session\Handlers\FileHandler' driver.
INFO - 2024-05-15 02:59:19 --> Session: Class initialized using 'CodeIgniter\Session\Handlers\FileHandler' driver.
