ERROR - 2024-07-25 00:36:19 --> mysqli_sql_exception: Duplicate entry 'reissa' for key 'username' in C:\xampp\htdocs\polsek-kayu-aro\system\Database\MySQLi\Connection.php:306
Stack trace:
#0 C:\xampp\htdocs\polsek-kayu-aro\system\Database\MySQLi\Connection.php(306): mysqli->query('INSERT INTO `tb...', 0)
#1 C:\xampp\htdocs\polsek-kayu-aro\system\Database\BaseConnection.php(693): CodeIgniter\Database\MySQLi\Connection->execute('INSERT INTO `tb...')
#2 C:\xampp\htdocs\polsek-kayu-aro\system\Database\BaseConnection.php(607): CodeIgniter\Database\BaseConnection->simpleQuery('INSERT INTO `tb...')
#3 C:\xampp\htdocs\polsek-kayu-aro\system\Database\BaseBuilder.php(1800): CodeIgniter\Database\BaseConnection->query('INSERT INTO `tb...', NULL, false)
#4 C:\xampp\htdocs\polsek-kayu-aro\system\Database\BaseBuilder.php(2191): CodeIgniter\Database\BaseBuilder->batchExecute('_insertBatch', 100)
#5 C:\xampp\htdocs\polsek-kayu-aro\app\Database\Seeds\Users.php(35): CodeIgniter\Database\BaseBuilder->insertBatch(Array)
#6 C:\xampp\htdocs\polsek-kayu-aro\system\Database\Seeder.php(146): App\Database\Seeds\Users->run()
#7 C:\xampp\htdocs\polsek-kayu-aro\app\Database\Seeds\DatabaseSeeder.php(15): CodeIgniter\Database\Seeder->call('App\\Database\\Se...')
#8 C:\xampp\htdocs\polsek-kayu-aro\system\Database\Seeder.php(146): App\Database\Seeds\DatabaseSeeder->run()
#9 C:\xampp\htdocs\polsek-kayu-aro\system\Commands\Database\Seed.php(77): CodeIgniter\Database\Seeder->call('App\\Database\\Se...')
#10 C:\xampp\htdocs\polsek-kayu-aro\system\CLI\Commands.php(65): CodeIgniter\Commands\Database\Seed->run(Array)
#11 C:\xampp\htdocs\polsek-kayu-aro\system\CLI\Console.php(46): CodeIgniter\CLI\Commands->run('db:seed', Array)
#12 C:\xampp\htdocs\polsek-kayu-aro\spark(102): CodeIgniter\CLI\Console->run()
#13 {main}
INFO - 2024-07-25 01:34:08 --> Session: Class initialized using 'CodeIgniter\Session\Handlers\FileHandler' driver.
INFO - 2024-07-25 02:42:23 --> Session: Class initialized using 'CodeIgniter\Session\Handlers\FileHandler' driver.
INFO - 2024-07-25 03:42:34 --> Session: Class initialized using 'CodeIgniter\Session\Handlers\FileHandler' driver.
INFO - 2024-07-25 04:07:05 --> Session: Class initialized using 'CodeIgniter\Session\Handlers\FileHandler' driver.
INFO - 2024-07-25 17:19:41 --> Session: Class initialized using 'CodeIgniter\Session\Handlers\FileHandler' driver.
INFO - 2024-07-25 17:19:47 --> Session: Class initialized using 'CodeIgniter\Session\Handlers\FileHandler' driver.
INFO - 2024-07-25 17:19:49 --> Session: Class initialized using 'CodeIgniter\Session\Handlers\FileHandler' driver.
DEBUG - 2024-07-25 17:19:49 --> Data Registrasi: Array
(
    [csrf_test_name] => 0edff47bd4d14604bee0f81a9f9155e5
    [nama_lengkap] => 
    [username] => 
    [email] => 
    [no_telepon] => 
    [password] => 
    [konfirmasi_password] => 
)

INFO - 2024-07-25 17:19:49 --> Session: Class initialized using 'CodeIgniter\Session\Handlers\FileHandler' driver.
INFO - 2024-07-25 17:19:51 --> Session: Class initialized using 'CodeIgniter\Session\Handlers\FileHandler' driver.
INFO - 2024-07-25 17:19:53 --> Session: Class initialized using 'CodeIgniter\Session\Handlers\FileHandler' driver.
DEBUG - 2024-07-25 17:19:53 --> Data Registrasi: Array
(
    [csrf_test_name] => 0edff47bd4d14604bee0f81a9f9155e5
    [nama_lengkap] => 
    [username] => reissa
    [email] => 
    [no_telepon] => 
    [password] => 
    [konfirmasi_password] => 
)

CRITICAL - 2024-07-25 17:19:53 --> Config\Validation::username_check(): Argument #2 ($fields) must be of type string, null given, called in C:\xampp\htdocs\polsek-kayu-aro\system\Validation\Validation.php on line 310
in APPPATH\Config\Validation.php on line 70.
 1 SYSTEMPATH\Validation\Validation.php(310): Config\Validation->username_check('reissa', null)
 2 SYSTEMPATH\Validation\Validation.php(197): CodeIgniter\Validation\Validation->processRules('username', 'username', 'reissa', [...], [...])
 3 SYSTEMPATH\Controller.php(152): CodeIgniter\Validation\Validation->run()
 4 APPPATH\Controllers\Authentication.php(94): CodeIgniter\Controller->validate([...])
 5 SYSTEMPATH\CodeIgniter.php(942): App\Controllers\Authentication->cekRegistrasi('')
 6 SYSTEMPATH\CodeIgniter.php(502): CodeIgniter\CodeIgniter->runController(Object(App\Controllers\Authentication))
 7 SYSTEMPATH\CodeIgniter.php(361): CodeIgniter\CodeIgniter->handleRequest(null, Object(Config\Cache), false)
 8 FCPATH\index.php(79): CodeIgniter\CodeIgniter->run()
 9 SYSTEMPATH\Commands\Server\rewrite.php(47): require_once('C:\\xampp\\htdocs\\polsek-kayu-aro\\public\\index.php')
INFO - 2024-07-25 17:21:09 --> Session: Class initialized using 'CodeIgniter\Session\Handlers\FileHandler' driver.
DEBUG - 2024-07-25 17:21:09 --> Data Registrasi: Array
(
    [csrf_test_name] => 0edff47bd4d14604bee0f81a9f9155e5
    [nama_lengkap] => 
    [username] => reissa
    [email] => 
    [no_telepon] => 
    [password] => 
    [konfirmasi_password] => 
)

INFO - 2024-07-25 17:21:09 --> Session: Class initialized using 'CodeIgniter\Session\Handlers\FileHandler' driver.
INFO - 2024-07-25 17:22:10 --> Session: Class initialized using 'CodeIgniter\Session\Handlers\FileHandler' driver.
INFO - 2024-07-25 17:22:13 --> Session: Class initialized using 'CodeIgniter\Session\Handlers\FileHandler' driver.
DEBUG - 2024-07-25 17:22:13 --> Data Registrasi: Array
(
    [csrf_test_name] => 0edff47bd4d14604bee0f81a9f9155e5
    [nama_lengkap] => 
    [username] => reissa
    [email] => 
    [no_telepon] => 
    [password] => 
    [konfirmasi_password] => 
)

INFO - 2024-07-25 17:22:13 --> Session: Class initialized using 'CodeIgniter\Session\Handlers\FileHandler' driver.
INFO - 2024-07-25 17:22:20 --> Session: Class initialized using 'CodeIgniter\Session\Handlers\FileHandler' driver.
INFO - 2024-07-25 17:24:12 --> Session: Class initialized using 'CodeIgniter\Session\Handlers\FileHandler' driver.
DEBUG - 2024-07-25 17:24:12 --> Data Registrasi: Array
(
    [csrf_test_name] => 0edff47bd4d14604bee0f81a9f9155e5
    [nama_lengkap] => 
    [username] => 
    [email] => reissagianaazr@gmail.com
    [no_telepon] => 
    [password] => 
    [konfirmasi_password] => 
)

INFO - 2024-07-25 17:24:12 --> Session: Class initialized using 'CodeIgniter\Session\Handlers\FileHandler' driver.
INFO - 2024-07-25 17:24:17 --> Session: Class initialized using 'CodeIgniter\Session\Handlers\FileHandler' driver.
DEBUG - 2024-07-25 17:24:17 --> Data Registrasi: Array
(
    [csrf_test_name] => 0edff47bd4d14604bee0f81a9f9155e5
    [nama_lengkap] => 
    [username] => reissa
    [email] => reissagianaazr@gmail.com
    [no_telepon] => 
    [password] => 
    [konfirmasi_password] => 
)

INFO - 2024-07-25 17:24:17 --> Session: Class initialized using 'CodeIgniter\Session\Handlers\FileHandler' driver.
INFO - 2024-07-25 17:24:55 --> Session: Class initialized using 'CodeIgniter\Session\Handlers\FileHandler' driver.
INFO - 2024-07-25 17:24:58 --> Session: Class initialized using 'CodeIgniter\Session\Handlers\FileHandler' driver.
DEBUG - 2024-07-25 17:24:58 --> Data Registrasi: Array
(
    [csrf_test_name] => 0edff47bd4d14604bee0f81a9f9155e5
    [nama_lengkap] => 
    [username] => 
    [email] => reissagianaazr@gmail.com
    [no_telepon] => 
    [password] => 
    [konfirmasi_password] => 
)

INFO - 2024-07-25 17:24:58 --> Session: Class initialized using 'CodeIgniter\Session\Handlers\FileHandler' driver.
INFO - 2024-07-25 17:27:24 --> Session: Class initialized using 'CodeIgniter\Session\Handlers\FileHandler' driver.
INFO - 2024-07-25 17:27:27 --> Session: Class initialized using 'CodeIgniter\Session\Handlers\FileHandler' driver.
DEBUG - 2024-07-25 17:27:27 --> Data Registrasi: Array
(
    [csrf_test_name] => 0edff47bd4d14604bee0f81a9f9155e5
    [nama_lengkap] => Reissa Giana Azaria
    [username] => 
    [email] => 
    [no_telepon] => 
    [password] => 
    [konfirmasi_password] => 
)

INFO - 2024-07-25 17:27:27 --> Session: Class initialized using 'CodeIgniter\Session\Handlers\FileHandler' driver.
INFO - 2024-07-25 17:27:34 --> Session: Class initialized using 'CodeIgniter\Session\Handlers\FileHandler' driver.
INFO - 2024-07-25 17:28:04 --> Session: Class initialized using 'CodeIgniter\Session\Handlers\FileHandler' driver.
INFO - 2024-07-25 17:28:06 --> Session: Class initialized using 'CodeIgniter\Session\Handlers\FileHandler' driver.
DEBUG - 2024-07-25 17:28:06 --> Data Registrasi: Array
(
    [csrf_test_name] => 0edff47bd4d14604bee0f81a9f9155e5
    [nama_lengkap] => Reissa Giana Azaria
    [username] => 
    [email] => 
    [no_telepon] => 
    [password] => 
    [konfirmasi_password] => 
)

INFO - 2024-07-25 17:28:07 --> Session: Class initialized using 'CodeIgniter\Session\Handlers\FileHandler' driver.
INFO - 2024-07-25 17:28:11 --> Session: Class initialized using 'CodeIgniter\Session\Handlers\FileHandler' driver.
INFO - 2024-07-25 17:43:34 --> Session: Class initialized using 'CodeIgniter\Session\Handlers\FileHandler' driver.
INFO - 2024-07-25 17:43:37 --> Session: Class initialized using 'CodeIgniter\Session\Handlers\FileHandler' driver.
INFO - 2024-07-25 17:43:40 --> Session: Class initialized using 'CodeIgniter\Session\Handlers\FileHandler' driver.
INFO - 2024-07-25 17:56:03 --> Session: Class initialized using 'CodeIgniter\Session\Handlers\FileHandler' driver.
